[0.008s] Invoking command in '/home/edu-bat/Documentos/GitHub/modulo-8/atividade_2_slam/meu_workspace/build/turtlesim': CMAKE_PREFIX_PATH=/opt/ros/humble /usr/bin/cmake /home/edu-bat/Documentos/GitHub/modulo-8/atividade_2_slam/meu_workspace/src/ros_tutorials/turtlesim -DCMAKE_INSTALL_PREFIX=/home/edu-bat/Documentos/GitHub/modulo-8/atividade_2_slam/meu_workspace/install/turtlesim
[0.087s] -- The C compiler identification is GNU 11.4.0
[0.136s] -- The CXX compiler identification is GNU 11.4.0
[0.145s] -- Detecting C compiler ABI info
[0.202s] -- Detecting C compiler ABI info - done
[0.207s] -- Check for working C compiler: /usr/bin/cc - skipped
[0.208s] -- Detecting C compile features
[0.209s] -- Detecting C compile features - done
[0.212s] -- Detecting CXX compiler ABI info
[0.273s] -- Detecting CXX compiler ABI info - done
[0.279s] -- Check for working CXX compiler: /usr/bin/c++ - skipped
[0.279s] -- Detecting CXX compile features
[0.279s] -- Detecting CXX compile features - done
[0.290s] -- Found ament_cmake: 1.3.10 (/opt/ros/humble/share/ament_cmake/cmake)
[0.413s] -- Found Python3: /usr/bin/python3 (found version "3.10.12") found components: Interpreter 
[0.507s] -- Found ament_index_cpp: 1.4.0 (/opt/ros/humble/share/ament_index_cpp/cmake)
[0.511s] -- Found geometry_msgs: 4.2.4 (/opt/ros/humble/share/geometry_msgs/cmake)
[0.564s] -- Found rosidl_generator_c: 3.1.5 (/opt/ros/humble/share/rosidl_generator_c/cmake)
[0.571s] -- Found rosidl_adapter: 3.1.5 (/opt/ros/humble/share/rosidl_adapter/cmake)
[0.582s] -- Found rosidl_generator_cpp: 3.1.5 (/opt/ros/humble/share/rosidl_generator_cpp/cmake)
[0.600s] -- Using all available rosidl_typesupport_c: rosidl_typesupport_fastrtps_c;rosidl_typesupport_introspection_c
[0.620s] -- Using all available rosidl_typesupport_cpp: rosidl_typesupport_fastrtps_cpp;rosidl_typesupport_introspection_cpp
[0.685s] -- Found rclcpp: 16.0.10 (/opt/ros/humble/share/rclcpp/cmake)
[0.731s] -- Found rmw_implementation_cmake: 6.1.2 (/opt/ros/humble/share/rmw_implementation_cmake/cmake)
[0.735s] -- Found rmw_cyclonedds_cpp: 1.3.4 (/opt/ros/humble/share/rmw_cyclonedds_cpp/cmake)
[0.765s] -- Using RMW implementation 'rmw_cyclonedds_cpp' as default
[0.776s] -- Looking for pthread.h
[0.836s] -- Looking for pthread.h - found
[0.836s] -- Performing Test CMAKE_HAVE_LIBC_PTHREAD
[0.892s] -- Performing Test CMAKE_HAVE_LIBC_PTHREAD - Success
[0.893s] -- Found Threads: TRUE  
[0.936s] -- Found rclcpp_action: 16.0.10 (/opt/ros/humble/share/rclcpp_action/cmake)
[0.973s] -- Found rosidl_default_generators: 1.2.0 (/opt/ros/humble/share/rosidl_default_generators/cmake)
[0.984s] -- Found std_srvs: 4.2.4 (/opt/ros/humble/share/std_srvs/cmake)
[1.227s] -- Found ament_cmake_ros: 0.10.0 (/opt/ros/humble/share/ament_cmake_ros/cmake)
[1.475s] -- Using all available rosidl_typesupport_c: rosidl_typesupport_fastrtps_c;rosidl_typesupport_introspection_c
[1.570s] -- Using all available rosidl_typesupport_cpp: rosidl_typesupport_fastrtps_cpp;rosidl_typesupport_introspection_cpp
[1.588s] -- Found PythonInterp: /usr/bin/python3 (found suitable version "3.10.12", minimum required is "3.6") 
[1.591s] -- Found python_cmake_module: 0.10.0 (/opt/ros/humble/share/python_cmake_module/cmake)
[1.612s] -- Found PythonLibs: /usr/lib/x86_64-linux-gnu/libpython3.10.so (found suitable version "3.10.12", minimum required is "3.5") 
[1.612s] -- Using PYTHON_EXECUTABLE: /usr/bin/python3
[1.612s] -- Using PYTHON_INCLUDE_DIRS: /usr/include/python3.10
[1.612s] -- Using PYTHON_LIBRARIES: /usr/lib/x86_64-linux-gnu/libpython3.10.so
[1.629s] -- Found PythonExtra: .so  
[1.678s] -- Configuring done
[1.727s] -- Generating done
[1.743s] -- Build files have been written to: /home/edu-bat/Documentos/GitHub/modulo-8/atividade_2_slam/meu_workspace/build/turtlesim
[1.752s] Invoked command in '/home/edu-bat/Documentos/GitHub/modulo-8/atividade_2_slam/meu_workspace/build/turtlesim' returned '0': CMAKE_PREFIX_PATH=/opt/ros/humble /usr/bin/cmake /home/edu-bat/Documentos/GitHub/modulo-8/atividade_2_slam/meu_workspace/src/ros_tutorials/turtlesim -DCMAKE_INSTALL_PREFIX=/home/edu-bat/Documentos/GitHub/modulo-8/atividade_2_slam/meu_workspace/install/turtlesim
[1.754s] Invoking command in '/home/edu-bat/Documentos/GitHub/modulo-8/atividade_2_slam/meu_workspace/build/turtlesim': CMAKE_PREFIX_PATH=/opt/ros/humble /usr/bin/cmake --build /home/edu-bat/Documentos/GitHub/modulo-8/atividade_2_slam/meu_workspace/build/turtlesim -- -j8 -l8
[1.787s] [  1%] [34m[1mGenerating C code for ROS interfaces[0m
[1.794s] [  2%] [34m[1mGenerating C++ code for ROS interfaces[0m
[1.801s] [  2%] Built target ament_cmake_python_copy_turtlesim
[1.999s] running egg_info
[1.999s] creating turtlesim.egg-info
[1.999s] writing turtlesim.egg-info/PKG-INFO
[1.999s] writing dependency_links to turtlesim.egg-info/dependency_links.txt
[2.000s] writing top-level names to turtlesim.egg-info/top_level.txt
[2.000s] writing manifest file 'turtlesim.egg-info/SOURCES.txt'
[2.001s] reading manifest file 'turtlesim.egg-info/SOURCES.txt'
[2.002s] writing manifest file 'turtlesim.egg-info/SOURCES.txt'
[2.026s] [  2%] Built target ament_cmake_python_build_turtlesim_egg
[2.525s] [  2%] Built target turtlesim__cpp
[2.532s] [  3%] [34m[1mGenerating C++ type support dispatch for ROS interfaces[0m
[2.533s] [  4%] [34m[1mGenerating C++ type support for eProsima Fast-RTPS[0m
[2.537s] [  5%] [34m[1mGenerating C++ introspection for ROS interfaces[0m
[2.601s] [  8%] [32mBuilding C object CMakeFiles/turtlesim__rosidl_generator_c.dir/rosidl_generator_c/turtlesim/action/detail/rotate_absolute__functions.c.o[0m
[2.602s] [  8%] [32mBuilding C object CMakeFiles/turtlesim__rosidl_generator_c.dir/rosidl_generator_c/turtlesim/msg/detail/color__functions.c.o[0m
[2.602s] [  9%] [32mBuilding C object CMakeFiles/turtlesim__rosidl_generator_c.dir/rosidl_generator_c/turtlesim/srv/detail/set_pen__functions.c.o[0m
[2.602s] [  9%] [32mBuilding C object CMakeFiles/turtlesim__rosidl_generator_c.dir/rosidl_generator_c/turtlesim/msg/detail/pose__functions.c.o[0m
[2.603s] [ 10%] [32mBuilding C object CMakeFiles/turtlesim__rosidl_generator_c.dir/rosidl_generator_c/turtlesim/srv/detail/kill__functions.c.o[0m
[2.673s] [ 11%] [32mBuilding C object CMakeFiles/turtlesim__rosidl_generator_c.dir/rosidl_generator_c/turtlesim/srv/detail/spawn__functions.c.o[0m
[2.673s] [ 12%] [32mBuilding C object CMakeFiles/turtlesim__rosidl_generator_c.dir/rosidl_generator_c/turtlesim/srv/detail/teleport_absolute__functions.c.o[0m
[2.684s] [ 13%] [32mBuilding C object CMakeFiles/turtlesim__rosidl_generator_c.dir/rosidl_generator_c/turtlesim/srv/detail/teleport_relative__functions.c.o[0m
[2.769s] [ 14%] [32m[1mLinking C shared library libturtlesim__rosidl_generator_c.so[0m
[2.803s] [ 14%] Built target turtlesim__rosidl_generator_c
[2.813s] [ 15%] [34m[1mGenerating C type support dispatch for ROS interfaces[0m
[2.815s] [ 16%] [34m[1mGenerating C type support for eProsima Fast-RTPS[0m
[2.816s] [ 17%] [34m[1mGenerating C introspection for ROS interfaces[0m
[3.125s] [ 18%] [32mBuilding CXX object CMakeFiles/turtlesim__rosidl_typesupport_cpp.dir/rosidl_typesupport_cpp/turtlesim/msg/pose__type_support.cpp.o[0m
[3.125s] [ 19%] [32mBuilding CXX object CMakeFiles/turtlesim__rosidl_typesupport_cpp.dir/rosidl_typesupport_cpp/turtlesim/action/rotate_absolute__type_support.cpp.o[0m
[3.132s] [ 20%] [32mBuilding CXX object CMakeFiles/turtlesim__rosidl_typesupport_cpp.dir/rosidl_typesupport_cpp/turtlesim/msg/color__type_support.cpp.o[0m
[3.533s] [ 21%] [32mBuilding CXX object CMakeFiles/turtlesim__rosidl_typesupport_cpp.dir/rosidl_typesupport_cpp/turtlesim/srv/set_pen__type_support.cpp.o[0m
[3.537s] [ 22%] [32mBuilding CXX object CMakeFiles/turtlesim__rosidl_typesupport_cpp.dir/rosidl_typesupport_cpp/turtlesim/srv/kill__type_support.cpp.o[0m
[3.583s] [ 23%] [32mBuilding CXX object CMakeFiles/turtlesim__rosidl_typesupport_introspection_cpp.dir/rosidl_typesupport_introspection_cpp/turtlesim/action/detail/rotate_absolute__type_support.cpp.o[0m
[3.723s] [ 24%] [32mBuilding CXX object CMakeFiles/turtlesim__rosidl_typesupport_c.dir/rosidl_typesupport_c/turtlesim/action/rotate_absolute__type_support.cpp.o[0m
[3.792s] [ 25%] [32mBuilding CXX object CMakeFiles/turtlesim__rosidl_typesupport_c.dir/rosidl_typesupport_c/turtlesim/msg/color__type_support.cpp.o[0m
[3.796s] [ 26%] [32mBuilding CXX object CMakeFiles/turtlesim__rosidl_typesupport_introspection_cpp.dir/rosidl_typesupport_introspection_cpp/turtlesim/msg/detail/color__type_support.cpp.o[0m
[3.838s] [ 27%] [32mBuilding CXX object CMakeFiles/turtlesim__rosidl_typesupport_c.dir/rosidl_typesupport_c/turtlesim/msg/pose__type_support.cpp.o[0m
[3.879s] [ 28%] [32mBuilding CXX object CMakeFiles/turtlesim__rosidl_typesupport_c.dir/rosidl_typesupport_c/turtlesim/srv/kill__type_support.cpp.o[0m
[3.902s] [ 29%] [32mBuilding CXX object CMakeFiles/turtlesim__rosidl_typesupport_introspection_cpp.dir/rosidl_typesupport_introspection_cpp/turtlesim/msg/detail/pose__type_support.cpp.o[0m
[3.922s] [ 30%] [32mBuilding CXX object CMakeFiles/turtlesim__rosidl_typesupport_c.dir/rosidl_typesupport_c/turtlesim/srv/set_pen__type_support.cpp.o[0m
[3.938s] [ 31%] [32mBuilding CXX object CMakeFiles/turtlesim__rosidl_typesupport_fastrtps_cpp.dir/rosidl_typesupport_fastrtps_cpp/turtlesim/action/detail/dds_fastrtps/rotate_absolute__type_support.cpp.o[0m
[3.943s] [ 32%] [32mBuilding CXX object CMakeFiles/turtlesim__rosidl_typesupport_cpp.dir/rosidl_typesupport_cpp/turtlesim/srv/spawn__type_support.cpp.o[0m
[3.962s] [ 33%] [32mBuilding CXX object CMakeFiles/turtlesim__rosidl_typesupport_c.dir/rosidl_typesupport_c/turtlesim/srv/spawn__type_support.cpp.o[0m
[4.006s] [ 34%] [32mBuilding CXX object CMakeFiles/turtlesim__rosidl_typesupport_c.dir/rosidl_typesupport_c/turtlesim/srv/teleport_absolute__type_support.cpp.o[0m
[4.056s] [ 35%] [32mBuilding CXX object CMakeFiles/turtlesim__rosidl_typesupport_c.dir/rosidl_typesupport_c/turtlesim/srv/teleport_relative__type_support.cpp.o[0m
[4.102s] [ 36%] [32m[1mLinking CXX shared library libturtlesim__rosidl_typesupport_c.so[0m
[4.163s] [ 36%] Built target turtlesim__rosidl_typesupport_c
[4.183s] [ 37%] [32mBuilding CXX object CMakeFiles/turtlesim__rosidl_typesupport_fastrtps_cpp.dir/rosidl_typesupport_fastrtps_cpp/turtlesim/msg/detail/dds_fastrtps/color__type_support.cpp.o[0m
[4.225s] [ 38%] [32mBuilding C object CMakeFiles/turtlesim__rosidl_typesupport_introspection_c.dir/rosidl_typesupport_introspection_c/turtlesim/action/detail/rotate_absolute__type_support.c.o[0m
[4.290s] [ 39%] [32mBuilding C object CMakeFiles/turtlesim__rosidl_typesupport_introspection_c.dir/rosidl_typesupport_introspection_c/turtlesim/msg/detail/color__type_support.c.o[0m
[4.291s] [ 40%] [32mBuilding CXX object CMakeFiles/turtlesim__rosidl_typesupport_cpp.dir/rosidl_typesupport_cpp/turtlesim/srv/teleport_absolute__type_support.cpp.o[0m
[4.291s] [ 41%] [32mBuilding CXX object CMakeFiles/turtlesim__rosidl_typesupport_fastrtps_c.dir/rosidl_typesupport_fastrtps_c/turtlesim/action/detail/rotate_absolute__type_support_c.cpp.o[0m
[4.315s] [ 42%] [32mBuilding CXX object CMakeFiles/turtlesim__rosidl_typesupport_fastrtps_cpp.dir/rosidl_typesupport_fastrtps_cpp/turtlesim/msg/detail/dds_fastrtps/pose__type_support.cpp.o[0m
[4.342s] [ 43%] [32mBuilding C object CMakeFiles/turtlesim__rosidl_typesupport_introspection_c.dir/rosidl_typesupport_introspection_c/turtlesim/msg/detail/pose__type_support.c.o[0m
[4.391s] [ 44%] [32mBuilding C object CMakeFiles/turtlesim__rosidl_typesupport_introspection_c.dir/rosidl_typesupport_introspection_c/turtlesim/srv/detail/kill__type_support.c.o[0m
[4.446s] [ 45%] [32mBuilding C object CMakeFiles/turtlesim__rosidl_typesupport_introspection_c.dir/rosidl_typesupport_introspection_c/turtlesim/srv/detail/set_pen__type_support.c.o[0m
[4.451s] [ 46%] [32mBuilding CXX object CMakeFiles/turtlesim__rosidl_typesupport_fastrtps_c.dir/rosidl_typesupport_fastrtps_c/turtlesim/msg/detail/color__type_support_c.cpp.o[0m
[4.473s] [ 47%] [32mBuilding CXX object CMakeFiles/turtlesim__rosidl_typesupport_introspection_cpp.dir/rosidl_typesupport_introspection_cpp/turtlesim/srv/detail/kill__type_support.cpp.o[0m
[4.495s] [ 48%] [32mBuilding C object CMakeFiles/turtlesim__rosidl_typesupport_introspection_c.dir/rosidl_typesupport_introspection_c/turtlesim/srv/detail/spawn__type_support.c.o[0m
[4.551s] [ 49%] [32mBuilding C object CMakeFiles/turtlesim__rosidl_typesupport_introspection_c.dir/rosidl_typesupport_introspection_c/turtlesim/srv/detail/teleport_absolute__type_support.c.o[0m
[4.614s] [ 50%] [32mBuilding C object CMakeFiles/turtlesim__rosidl_typesupport_introspection_c.dir/rosidl_typesupport_introspection_c/turtlesim/srv/detail/teleport_relative__type_support.c.o[0m
[4.662s] [ 52%] [32m[1mLinking C shared library libturtlesim__rosidl_typesupport_introspection_c.so[0m
[4.662s] [ 52%] [32mBuilding CXX object CMakeFiles/turtlesim__rosidl_typesupport_cpp.dir/rosidl_typesupport_cpp/turtlesim/srv/teleport_relative__type_support.cpp.o[0m
[4.709s] [ 52%] Built target turtlesim__rosidl_typesupport_introspection_c
[4.720s] [ 53%] [32mBuilding CXX object CMakeFiles/turtlesim__rosidl_typesupport_fastrtps_c.dir/rosidl_typesupport_fastrtps_c/turtlesim/msg/detail/pose__type_support_c.cpp.o[0m
[4.757s] [ 54%] [32mBuilding CXX object CMakeFiles/turtlesim__rosidl_typesupport_introspection_cpp.dir/rosidl_typesupport_introspection_cpp/turtlesim/srv/detail/set_pen__type_support.cpp.o[0m
[4.784s] [ 55%] [32mBuilding CXX object CMakeFiles/turtlesim__rosidl_typesupport_introspection_cpp.dir/rosidl_typesupport_introspection_cpp/turtlesim/srv/detail/spawn__type_support.cpp.o[0m
[4.828s] [ 56%] [32mBuilding CXX object CMakeFiles/turtlesim__rosidl_typesupport_fastrtps_cpp.dir/rosidl_typesupport_fastrtps_cpp/turtlesim/srv/detail/dds_fastrtps/kill__type_support.cpp.o[0m
[4.854s] [ 57%] [32mBuilding CXX object CMakeFiles/turtlesim__rosidl_typesupport_introspection_cpp.dir/rosidl_typesupport_introspection_cpp/turtlesim/srv/detail/teleport_absolute__type_support.cpp.o[0m
[4.930s] [ 58%] [32mBuilding CXX object CMakeFiles/turtlesim__rosidl_typesupport_introspection_cpp.dir/rosidl_typesupport_introspection_cpp/turtlesim/srv/detail/teleport_relative__type_support.cpp.o[0m
[5.026s] [ 59%] [32mBuilding CXX object CMakeFiles/turtlesim__rosidl_typesupport_fastrtps_c.dir/rosidl_typesupport_fastrtps_c/turtlesim/srv/detail/kill__type_support_c.cpp.o[0m
[5.035s] [ 60%] [32m[1mLinking CXX shared library libturtlesim__rosidl_typesupport_cpp.so[0m
[5.100s] [ 60%] Built target turtlesim__rosidl_typesupport_cpp
[5.114s] [ 61%] [32mBuilding CXX object CMakeFiles/turtlesim__rosidl_typesupport_fastrtps_c.dir/rosidl_typesupport_fastrtps_c/turtlesim/srv/detail/set_pen__type_support_c.cpp.o[0m
[5.224s] [ 62%] [32mBuilding CXX object CMakeFiles/turtlesim__rosidl_typesupport_fastrtps_c.dir/rosidl_typesupport_fastrtps_c/turtlesim/srv/detail/spawn__type_support_c.cpp.o[0m
[5.339s] [ 63%] [32mBuilding CXX object CMakeFiles/turtlesim__rosidl_typesupport_fastrtps_c.dir/rosidl_typesupport_fastrtps_c/turtlesim/srv/detail/teleport_absolute__type_support_c.cpp.o[0m
[5.347s] [ 64%] [34m[1mGenerating include/turtlesim/moc_turtle_frame.cpp[0m
[5.391s] [ 65%] [32mBuilding CXX object CMakeFiles/turtlesim__rosidl_typesupport_fastrtps_cpp.dir/rosidl_typesupport_fastrtps_cpp/turtlesim/srv/detail/dds_fastrtps/set_pen__type_support.cpp.o[0m
[5.477s] [ 66%] [32mBuilding CXX object CMakeFiles/turtle_teleop_key.dir/tutorials/teleop_turtle_key.cpp.o[0m
[5.491s] [ 67%] [32m[1mLinking CXX shared library libturtlesim__rosidl_typesupport_introspection_cpp.so[0m
[5.545s] [ 68%] [32mBuilding CXX object CMakeFiles/turtlesim_node.dir/src/turtlesim.cpp.o[0m
[5.645s] [ 69%] [32mBuilding CXX object CMakeFiles/turtlesim_node.dir/src/turtle.cpp.o[0m
[5.646s] [ 69%] Built target turtlesim__rosidl_typesupport_introspection_cpp
[5.682s] [ 70%] [32mBuilding CXX object CMakeFiles/draw_square.dir/tutorials/draw_square.cpp.o[0m
[5.694s] [ 71%] [32mBuilding CXX object CMakeFiles/mimic.dir/tutorials/mimic.cpp.o[0m
[5.755s] [ 72%] [32mBuilding CXX object CMakeFiles/turtlesim__rosidl_typesupport_fastrtps_cpp.dir/rosidl_typesupport_fastrtps_cpp/turtlesim/srv/detail/dds_fastrtps/spawn__type_support.cpp.o[0m
[5.899s] [ 73%] [32mBuilding CXX object CMakeFiles/turtlesim__rosidl_typesupport_fastrtps_c.dir/rosidl_typesupport_fastrtps_c/turtlesim/srv/detail/teleport_relative__type_support_c.cpp.o[0m
[6.019s] [ 74%] [32mBuilding CXX object CMakeFiles/turtlesim__rosidl_typesupport_fastrtps_cpp.dir/rosidl_typesupport_fastrtps_cpp/turtlesim/srv/detail/dds_fastrtps/teleport_absolute__type_support.cpp.o[0m
[6.321s] [ 75%] [32mBuilding CXX object CMakeFiles/turtlesim_node.dir/src/turtle_frame.cpp.o[0m
[6.415s] [ 76%] [32m[1mLinking CXX shared library libturtlesim__rosidl_typesupport_fastrtps_c.so[0m
[6.586s] [ 76%] Built target turtlesim__rosidl_typesupport_fastrtps_c
[6.599s] [ 77%] [32mBuilding CXX object CMakeFiles/turtlesim_node.dir/include/turtlesim/moc_turtle_frame.cpp.o[0m
[6.609s] [ 78%] [32mBuilding CXX object CMakeFiles/turtlesim__rosidl_typesupport_fastrtps_cpp.dir/rosidl_typesupport_fastrtps_cpp/turtlesim/srv/detail/dds_fastrtps/teleport_relative__type_support.cpp.o[0m
[7.433s] [ 79%] [32m[1mLinking CXX shared library libturtlesim__rosidl_typesupport_fastrtps_cpp.so[0m
[7.594s] [ 79%] Built target turtlesim__rosidl_typesupport_fastrtps_cpp
[7.632s] [ 79%] Built target turtlesim
[7.677s] [ 80%] [34m[1mGenerating Python code for ROS interfaces[0m
[11.190s] [ 80%] Built target turtlesim__py
[11.307s] [ 81%] [32mBuilding C object CMakeFiles/turtlesim__rosidl_generator_py.dir/rosidl_generator_py/turtlesim/action/_rotate_absolute_s.c.o[0m
[11.903s] [ 82%] [32mBuilding C object CMakeFiles/turtlesim__rosidl_generator_py.dir/rosidl_generator_py/turtlesim/msg/_color_s.c.o[0m
[12.114s] [ 83%] [32mBuilding C object CMakeFiles/turtlesim__rosidl_generator_py.dir/rosidl_generator_py/turtlesim/msg/_pose_s.c.o[0m
[12.469s] [ 84%] [32mBuilding C object CMakeFiles/turtlesim__rosidl_generator_py.dir/rosidl_generator_py/turtlesim/srv/_kill_s.c.o[0m
[12.691s] [ 85%] [32mBuilding C object CMakeFiles/turtlesim__rosidl_generator_py.dir/rosidl_generator_py/turtlesim/srv/_set_pen_s.c.o[0m
[12.970s] [ 86%] [32mBuilding C object CMakeFiles/turtlesim__rosidl_generator_py.dir/rosidl_generator_py/turtlesim/srv/_spawn_s.c.o[0m
[13.254s] [ 87%] [32mBuilding C object CMakeFiles/turtlesim__rosidl_generator_py.dir/rosidl_generator_py/turtlesim/srv/_teleport_absolute_s.c.o[0m
[13.415s] [ 88%] [32mBuilding C object CMakeFiles/turtlesim__rosidl_generator_py.dir/rosidl_generator_py/turtlesim/srv/_teleport_relative_s.c.o[0m
[13.607s] [ 89%] [32m[1mLinking C shared library rosidl_generator_py/turtlesim/libturtlesim__rosidl_generator_py.so[0m
[13.732s] [ 89%] Built target turtlesim__rosidl_generator_py
[13.786s] [ 90%] [32mBuilding C object CMakeFiles/turtlesim__rosidl_typesupport_fastrtps_c__pyext.dir/rosidl_generator_py/turtlesim/_turtlesim_s.ep.rosidl_typesupport_fastrtps_c.c.o[0m
[13.787s] [ 91%] [32mBuilding C object CMakeFiles/turtlesim__rosidl_typesupport_introspection_c__pyext.dir/rosidl_generator_py/turtlesim/_turtlesim_s.ep.rosidl_typesupport_introspection_c.c.o[0m
[14.093s] [ 92%] [32mBuilding C object CMakeFiles/turtlesim__rosidl_typesupport_c__pyext.dir/rosidl_generator_py/turtlesim/_turtlesim_s.ep.rosidl_typesupport_c.c.o[0m
[14.116s] [ 93%] [32m[1mLinking C shared library rosidl_generator_py/turtlesim/turtlesim_s__rosidl_typesupport_introspection_c.cpython-310-x86_64-linux-gnu.so[0m
[14.176s] [ 94%] [32m[1mLinking C shared library rosidl_generator_py/turtlesim/turtlesim_s__rosidl_typesupport_fastrtps_c.cpython-310-x86_64-linux-gnu.so[0m
[14.261s] [ 94%] Built target turtlesim__rosidl_typesupport_fastrtps_c__pyext
[14.271s] [ 94%] Built target turtlesim__rosidl_typesupport_introspection_c__pyext
[14.373s] [ 95%] [32m[1mLinking C shared library rosidl_generator_py/turtlesim/turtlesim_s__rosidl_typesupport_c.cpython-310-x86_64-linux-gnu.so[0m
[14.435s] [ 95%] Built target turtlesim__rosidl_typesupport_c__pyext
[15.804s] [ 96%] [32m[1mLinking CXX executable turtle_teleop_key[0m
[16.240s] [ 96%] Built target turtle_teleop_key
[19.174s] [ 97%] [32m[1mLinking CXX executable mimic[0m
[20.005s] [ 97%] Built target mimic
[20.317s] [ 98%] [32m[1mLinking CXX executable draw_square[0m
[21.185s] [ 98%] Built target draw_square
[24.707s] [100%] [32m[1mLinking CXX executable turtlesim_node[0m
[27.447s] [100%] Built target turtlesim_node
[27.478s] Invoked command in '/home/edu-bat/Documentos/GitHub/modulo-8/atividade_2_slam/meu_workspace/build/turtlesim' returned '0': CMAKE_PREFIX_PATH=/opt/ros/humble /usr/bin/cmake --build /home/edu-bat/Documentos/GitHub/modulo-8/atividade_2_slam/meu_workspace/build/turtlesim -- -j8 -l8
[27.497s] Invoking command in '/home/edu-bat/Documentos/GitHub/modulo-8/atividade_2_slam/meu_workspace/build/turtlesim': CMAKE_PREFIX_PATH=/opt/ros/humble /usr/bin/cmake --install /home/edu-bat/Documentos/GitHub/modulo-8/atividade_2_slam/meu_workspace/build/turtlesim
[27.506s] -- Install configuration: ""
[27.508s] -- Installing: /home/edu-bat/Documentos/GitHub/modulo-8/atividade_2_slam/meu_workspace/install/turtlesim/share/ament_index/resource_index/rosidl_interfaces/turtlesim
[27.508s] -- Installing: /home/edu-bat/Documentos/GitHub/modulo-8/atividade_2_slam/meu_workspace/install/turtlesim/include/turtlesim/turtlesim
[27.508s] -- Installing: /home/edu-bat/Documentos/GitHub/modulo-8/atividade_2_slam/meu_workspace/install/turtlesim/include/turtlesim/turtlesim/msg
[27.509s] -- Installing: /home/edu-bat/Documentos/GitHub/modulo-8/atividade_2_slam/meu_workspace/install/turtlesim/include/turtlesim/turtlesim/msg/detail
[27.509s] -- Installing: /home/edu-bat/Documentos/GitHub/modulo-8/atividade_2_slam/meu_workspace/install/turtlesim/include/turtlesim/turtlesim/msg/detail/color__functions.h
[27.509s] -- Installing: /home/edu-bat/Documentos/GitHub/modulo-8/atividade_2_slam/meu_workspace/install/turtlesim/include/turtlesim/turtlesim/msg/detail/pose__functions.c
[27.509s] -- Installing: /home/edu-bat/Documentos/GitHub/modulo-8/atividade_2_slam/meu_workspace/install/turtlesim/include/turtlesim/turtlesim/msg/detail/pose__type_support.h
[27.509s] -- Installing: /home/edu-bat/Documentos/GitHub/modulo-8/atividade_2_slam/meu_workspace/install/turtlesim/include/turtlesim/turtlesim/msg/detail/pose__struct.h
[27.509s] -- Installing: /home/edu-bat/Documentos/GitHub/modulo-8/atividade_2_slam/meu_workspace/install/turtlesim/include/turtlesim/turtlesim/msg/detail/pose__functions.h
[27.509s] -- Installing: /home/edu-bat/Documentos/GitHub/modulo-8/atividade_2_slam/meu_workspace/install/turtlesim/include/turtlesim/turtlesim/msg/detail/color__type_support.h
[27.509s] -- Installing: /home/edu-bat/Documentos/GitHub/modulo-8/atividade_2_slam/meu_workspace/install/turtlesim/include/turtlesim/turtlesim/msg/detail/color__functions.c
[27.509s] -- Installing: /home/edu-bat/Documentos/GitHub/modulo-8/atividade_2_slam/meu_workspace/install/turtlesim/include/turtlesim/turtlesim/msg/detail/color__struct.h
[27.509s] -- Installing: /home/edu-bat/Documentos/GitHub/modulo-8/atividade_2_slam/meu_workspace/install/turtlesim/include/turtlesim/turtlesim/msg/color.h
[27.509s] -- Installing: /home/edu-bat/Documentos/GitHub/modulo-8/atividade_2_slam/meu_workspace/install/turtlesim/include/turtlesim/turtlesim/msg/rosidl_generator_c__visibility_control.h
[27.509s] -- Installing: /home/edu-bat/Documentos/GitHub/modulo-8/atividade_2_slam/meu_workspace/install/turtlesim/include/turtlesim/turtlesim/msg/pose.h
[27.510s] -- Installing: /home/edu-bat/Documentos/GitHub/modulo-8/atividade_2_slam/meu_workspace/install/turtlesim/include/turtlesim/turtlesim/action
[27.510s] -- Installing: /home/edu-bat/Documentos/GitHub/modulo-8/atividade_2_slam/meu_workspace/install/turtlesim/include/turtlesim/turtlesim/action/detail
[27.510s] -- Installing: /home/edu-bat/Documentos/GitHub/modulo-8/atividade_2_slam/meu_workspace/install/turtlesim/include/turtlesim/turtlesim/action/detail/rotate_absolute__struct.h
[27.510s] -- Installing: /home/edu-bat/Documentos/GitHub/modulo-8/atividade_2_slam/meu_workspace/install/turtlesim/include/turtlesim/turtlesim/action/detail/rotate_absolute__functions.h
[27.510s] -- Installing: /home/edu-bat/Documentos/GitHub/modulo-8/atividade_2_slam/meu_workspace/install/turtlesim/include/turtlesim/turtlesim/action/detail/rotate_absolute__functions.c
[27.510s] -- Installing: /home/edu-bat/Documentos/GitHub/modulo-8/atividade_2_slam/meu_workspace/install/turtlesim/include/turtlesim/turtlesim/action/detail/rotate_absolute__type_support.h
[27.510s] -- Installing: /home/edu-bat/Documentos/GitHub/modulo-8/atividade_2_slam/meu_workspace/install/turtlesim/include/turtlesim/turtlesim/action/rotate_absolute.h
[27.510s] -- Installing: /home/edu-bat/Documentos/GitHub/modulo-8/atividade_2_slam/meu_workspace/install/turtlesim/include/turtlesim/turtlesim/srv
[27.511s] -- Installing: /home/edu-bat/Documentos/GitHub/modulo-8/atividade_2_slam/meu_workspace/install/turtlesim/include/turtlesim/turtlesim/srv/detail
[27.511s] -- Installing: /home/edu-bat/Documentos/GitHub/modulo-8/atividade_2_slam/meu_workspace/install/turtlesim/include/turtlesim/turtlesim/srv/detail/set_pen__functions.h
[27.511s] -- Installing: /home/edu-bat/Documentos/GitHub/modulo-8/atividade_2_slam/meu_workspace/install/turtlesim/include/turtlesim/turtlesim/srv/detail/teleport_absolute__struct.h
[27.511s] -- Installing: /home/edu-bat/Documentos/GitHub/modulo-8/atividade_2_slam/meu_workspace/install/turtlesim/include/turtlesim/turtlesim/srv/detail/teleport_absolute__functions.c
[27.511s] -- Installing: /home/edu-bat/Documentos/GitHub/modulo-8/atividade_2_slam/meu_workspace/install/turtlesim/include/turtlesim/turtlesim/srv/detail/set_pen__struct.h
[27.511s] -- Installing: /home/edu-bat/Documentos/GitHub/modulo-8/atividade_2_slam/meu_workspace/install/turtlesim/include/turtlesim/turtlesim/srv/detail/teleport_relative__functions.c
[27.511s] -- Installing: /home/edu-bat/Documentos/GitHub/modulo-8/atividade_2_slam/meu_workspace/install/turtlesim/include/turtlesim/turtlesim/srv/detail/spawn__functions.h
[27.511s] -- Installing: /home/edu-bat/Documentos/GitHub/modulo-8/atividade_2_slam/meu_workspace/install/turtlesim/include/turtlesim/turtlesim/srv/detail/kill__functions.h
[27.511s] -- Installing: /home/edu-bat/Documentos/GitHub/modulo-8/atividade_2_slam/meu_workspace/install/turtlesim/include/turtlesim/turtlesim/srv/detail/kill__functions.c
[27.511s] -- Installing: /home/edu-bat/Documentos/GitHub/modulo-8/atividade_2_slam/meu_workspace/install/turtlesim/include/turtlesim/turtlesim/srv/detail/teleport_relative__struct.h
[27.512s] -- Installing: /home/edu-bat/Documentos/GitHub/modulo-8/atividade_2_slam/meu_workspace/install/turtlesim/include/turtlesim/turtlesim/srv/detail/set_pen__functions.c
[27.512s] -- Installing: /home/edu-bat/Documentos/GitHub/modulo-8/atividade_2_slam/meu_workspace/install/turtlesim/include/turtlesim/turtlesim/srv/detail/teleport_absolute__functions.h
[27.512s] -- Installing: /home/edu-bat/Documentos/GitHub/modulo-8/atividade_2_slam/meu_workspace/install/turtlesim/include/turtlesim/turtlesim/srv/detail/spawn__struct.h
[27.512s] -- Installing: /home/edu-bat/Documentos/GitHub/modulo-8/atividade_2_slam/meu_workspace/install/turtlesim/include/turtlesim/turtlesim/srv/detail/teleport_relative__type_support.h
[27.512s] -- Installing: /home/edu-bat/Documentos/GitHub/modulo-8/atividade_2_slam/meu_workspace/install/turtlesim/include/turtlesim/turtlesim/srv/detail/teleport_relative__functions.h
[27.512s] -- Installing: /home/edu-bat/Documentos/GitHub/modulo-8/atividade_2_slam/meu_workspace/install/turtlesim/include/turtlesim/turtlesim/srv/detail/kill__type_support.h
[27.512s] -- Installing: /home/edu-bat/Documentos/GitHub/modulo-8/atividade_2_slam/meu_workspace/install/turtlesim/include/turtlesim/turtlesim/srv/detail/kill__struct.h
[27.512s] -- Installing: /home/edu-bat/Documentos/GitHub/modulo-8/atividade_2_slam/meu_workspace/install/turtlesim/include/turtlesim/turtlesim/srv/detail/spawn__functions.c
[27.512s] -- Installing: /home/edu-bat/Documentos/GitHub/modulo-8/atividade_2_slam/meu_workspace/install/turtlesim/include/turtlesim/turtlesim/srv/detail/set_pen__type_support.h
[27.512s] -- Installing: /home/edu-bat/Documentos/GitHub/modulo-8/atividade_2_slam/meu_workspace/install/turtlesim/include/turtlesim/turtlesim/srv/detail/teleport_absolute__type_support.h
[27.513s] -- Installing: /home/edu-bat/Documentos/GitHub/modulo-8/atividade_2_slam/meu_workspace/install/turtlesim/include/turtlesim/turtlesim/srv/detail/spawn__type_support.h
[27.513s] -- Installing: /home/edu-bat/Documentos/GitHub/modulo-8/atividade_2_slam/meu_workspace/install/turtlesim/include/turtlesim/turtlesim/srv/set_pen.h
[27.513s] -- Installing: /home/edu-bat/Documentos/GitHub/modulo-8/atividade_2_slam/meu_workspace/install/turtlesim/include/turtlesim/turtlesim/srv/teleport_relative.h
[27.513s] -- Installing: /home/edu-bat/Documentos/GitHub/modulo-8/atividade_2_slam/meu_workspace/install/turtlesim/include/turtlesim/turtlesim/srv/kill.h
[27.513s] -- Installing: /home/edu-bat/Documentos/GitHub/modulo-8/atividade_2_slam/meu_workspace/install/turtlesim/include/turtlesim/turtlesim/srv/spawn.h
[27.513s] -- Installing: /home/edu-bat/Documentos/GitHub/modulo-8/atividade_2_slam/meu_workspace/install/turtlesim/include/turtlesim/turtlesim/srv/teleport_absolute.h
[27.515s] -- Installing: /home/edu-bat/Documentos/GitHub/modulo-8/atividade_2_slam/meu_workspace/install/turtlesim/share/turtlesim/environment/library_path.sh
[27.515s] -- Installing: /home/edu-bat/Documentos/GitHub/modulo-8/atividade_2_slam/meu_workspace/install/turtlesim/share/turtlesim/environment/library_path.dsv
[27.516s] -- Installing: /home/edu-bat/Documentos/GitHub/modulo-8/atividade_2_slam/meu_workspace/install/turtlesim/lib/libturtlesim__rosidl_generator_c.so
[27.516s] -- Set runtime path of "/home/edu-bat/Documentos/GitHub/modulo-8/atividade_2_slam/meu_workspace/install/turtlesim/lib/libturtlesim__rosidl_generator_c.so" to ""
[27.516s] -- Up-to-date: /home/edu-bat/Documentos/GitHub/modulo-8/atividade_2_slam/meu_workspace/install/turtlesim/include/turtlesim/turtlesim
[27.517s] -- Up-to-date: /home/edu-bat/Documentos/GitHub/modulo-8/atividade_2_slam/meu_workspace/install/turtlesim/include/turtlesim/turtlesim/msg
[27.517s] -- Up-to-date: /home/edu-bat/Documentos/GitHub/modulo-8/atividade_2_slam/meu_workspace/install/turtlesim/include/turtlesim/turtlesim/msg/detail
[27.517s] -- Installing: /home/edu-bat/Documentos/GitHub/modulo-8/atividade_2_slam/meu_workspace/install/turtlesim/include/turtlesim/turtlesim/msg/detail/pose__rosidl_typesupport_fastrtps_c.h
[27.517s] -- Installing: /home/edu-bat/Documentos/GitHub/modulo-8/atividade_2_slam/meu_workspace/install/turtlesim/include/turtlesim/turtlesim/msg/detail/color__rosidl_typesupport_fastrtps_c.h
[27.517s] -- Installing: /home/edu-bat/Documentos/GitHub/modulo-8/atividade_2_slam/meu_workspace/install/turtlesim/include/turtlesim/turtlesim/msg/rosidl_typesupport_fastrtps_c__visibility_control.h
[27.518s] -- Up-to-date: /home/edu-bat/Documentos/GitHub/modulo-8/atividade_2_slam/meu_workspace/install/turtlesim/include/turtlesim/turtlesim/action
[27.518s] -- Up-to-date: /home/edu-bat/Documentos/GitHub/modulo-8/atividade_2_slam/meu_workspace/install/turtlesim/include/turtlesim/turtlesim/action/detail
[27.518s] -- Installing: /home/edu-bat/Documentos/GitHub/modulo-8/atividade_2_slam/meu_workspace/install/turtlesim/include/turtlesim/turtlesim/action/detail/rotate_absolute__rosidl_typesupport_fastrtps_c.h
[27.518s] -- Up-to-date: /home/edu-bat/Documentos/GitHub/modulo-8/atividade_2_slam/meu_workspace/install/turtlesim/include/turtlesim/turtlesim/srv
[27.518s] -- Up-to-date: /home/edu-bat/Documentos/GitHub/modulo-8/atividade_2_slam/meu_workspace/install/turtlesim/include/turtlesim/turtlesim/srv/detail
[27.518s] -- Installing: /home/edu-bat/Documentos/GitHub/modulo-8/atividade_2_slam/meu_workspace/install/turtlesim/include/turtlesim/turtlesim/srv/detail/teleport_absolute__rosidl_typesupport_fastrtps_c.h
[27.519s] -- Installing: /home/edu-bat/Documentos/GitHub/modulo-8/atividade_2_slam/meu_workspace/install/turtlesim/include/turtlesim/turtlesim/srv/detail/set_pen__rosidl_typesupport_fastrtps_c.h
[27.519s] -- Installing: /home/edu-bat/Documentos/GitHub/modulo-8/atividade_2_slam/meu_workspace/install/turtlesim/include/turtlesim/turtlesim/srv/detail/spawn__rosidl_typesupport_fastrtps_c.h
[27.519s] -- Installing: /home/edu-bat/Documentos/GitHub/modulo-8/atividade_2_slam/meu_workspace/install/turtlesim/include/turtlesim/turtlesim/srv/detail/teleport_relative__rosidl_typesupport_fastrtps_c.h
[27.519s] -- Installing: /home/edu-bat/Documentos/GitHub/modulo-8/atividade_2_slam/meu_workspace/install/turtlesim/include/turtlesim/turtlesim/srv/detail/kill__rosidl_typesupport_fastrtps_c.h
[27.519s] -- Installing: /home/edu-bat/Documentos/GitHub/modulo-8/atividade_2_slam/meu_workspace/install/turtlesim/lib/libturtlesim__rosidl_typesupport_fastrtps_c.so
[27.519s] -- Set runtime path of "/home/edu-bat/Documentos/GitHub/modulo-8/atividade_2_slam/meu_workspace/install/turtlesim/lib/libturtlesim__rosidl_typesupport_fastrtps_c.so" to ""
[27.520s] -- Up-to-date: /home/edu-bat/Documentos/GitHub/modulo-8/atividade_2_slam/meu_workspace/install/turtlesim/include/turtlesim/turtlesim
[27.520s] -- Up-to-date: /home/edu-bat/Documentos/GitHub/modulo-8/atividade_2_slam/meu_workspace/install/turtlesim/include/turtlesim/turtlesim/msg
[27.520s] -- Up-to-date: /home/edu-bat/Documentos/GitHub/modulo-8/atividade_2_slam/meu_workspace/install/turtlesim/include/turtlesim/turtlesim/msg/detail
[27.520s] -- Installing: /home/edu-bat/Documentos/GitHub/modulo-8/atividade_2_slam/meu_workspace/install/turtlesim/include/turtlesim/turtlesim/msg/detail/pose__traits.hpp
[27.520s] -- Installing: /home/edu-bat/Documentos/GitHub/modulo-8/atividade_2_slam/meu_workspace/install/turtlesim/include/turtlesim/turtlesim/msg/detail/color__builder.hpp
[27.520s] -- Installing: /home/edu-bat/Documentos/GitHub/modulo-8/atividade_2_slam/meu_workspace/install/turtlesim/include/turtlesim/turtlesim/msg/detail/pose__struct.hpp
[27.520s] -- Installing: /home/edu-bat/Documentos/GitHub/modulo-8/atividade_2_slam/meu_workspace/install/turtlesim/include/turtlesim/turtlesim/msg/detail/color__struct.hpp
[27.520s] -- Installing: /home/edu-bat/Documentos/GitHub/modulo-8/atividade_2_slam/meu_workspace/install/turtlesim/include/turtlesim/turtlesim/msg/detail/color__traits.hpp
[27.521s] -- Installing: /home/edu-bat/Documentos/GitHub/modulo-8/atividade_2_slam/meu_workspace/install/turtlesim/include/turtlesim/turtlesim/msg/detail/pose__builder.hpp
[27.521s] -- Installing: /home/edu-bat/Documentos/GitHub/modulo-8/atividade_2_slam/meu_workspace/install/turtlesim/include/turtlesim/turtlesim/msg/color.hpp
[27.521s] -- Installing: /home/edu-bat/Documentos/GitHub/modulo-8/atividade_2_slam/meu_workspace/install/turtlesim/include/turtlesim/turtlesim/msg/pose.hpp
[27.521s] -- Up-to-date: /home/edu-bat/Documentos/GitHub/modulo-8/atividade_2_slam/meu_workspace/install/turtlesim/include/turtlesim/turtlesim/action
[27.521s] -- Up-to-date: /home/edu-bat/Documentos/GitHub/modulo-8/atividade_2_slam/meu_workspace/install/turtlesim/include/turtlesim/turtlesim/action/detail
[27.521s] -- Installing: /home/edu-bat/Documentos/GitHub/modulo-8/atividade_2_slam/meu_workspace/install/turtlesim/include/turtlesim/turtlesim/action/detail/rotate_absolute__builder.hpp
[27.521s] -- Installing: /home/edu-bat/Documentos/GitHub/modulo-8/atividade_2_slam/meu_workspace/install/turtlesim/include/turtlesim/turtlesim/action/detail/rotate_absolute__traits.hpp
[27.521s] -- Installing: /home/edu-bat/Documentos/GitHub/modulo-8/atividade_2_slam/meu_workspace/install/turtlesim/include/turtlesim/turtlesim/action/detail/rotate_absolute__struct.hpp
[27.521s] -- Installing: /home/edu-bat/Documentos/GitHub/modulo-8/atividade_2_slam/meu_workspace/install/turtlesim/include/turtlesim/turtlesim/action/rotate_absolute.hpp
[27.522s] -- Up-to-date: /home/edu-bat/Documentos/GitHub/modulo-8/atividade_2_slam/meu_workspace/install/turtlesim/include/turtlesim/turtlesim/srv
[27.522s] -- Installing: /home/edu-bat/Documentos/GitHub/modulo-8/atividade_2_slam/meu_workspace/install/turtlesim/include/turtlesim/turtlesim/srv/teleport_absolute.hpp
[27.522s] -- Up-to-date: /home/edu-bat/Documentos/GitHub/modulo-8/atividade_2_slam/meu_workspace/install/turtlesim/include/turtlesim/turtlesim/srv/detail
[27.522s] -- Installing: /home/edu-bat/Documentos/GitHub/modulo-8/atividade_2_slam/meu_workspace/install/turtlesim/include/turtlesim/turtlesim/srv/detail/kill__struct.hpp
[27.522s] -- Installing: /home/edu-bat/Documentos/GitHub/modulo-8/atividade_2_slam/meu_workspace/install/turtlesim/include/turtlesim/turtlesim/srv/detail/set_pen__builder.hpp
[27.522s] -- Installing: /home/edu-bat/Documentos/GitHub/modulo-8/atividade_2_slam/meu_workspace/install/turtlesim/include/turtlesim/turtlesim/srv/detail/kill__builder.hpp
[27.522s] -- Installing: /home/edu-bat/Documentos/GitHub/modulo-8/atividade_2_slam/meu_workspace/install/turtlesim/include/turtlesim/turtlesim/srv/detail/spawn__traits.hpp
[27.522s] -- Installing: /home/edu-bat/Documentos/GitHub/modulo-8/atividade_2_slam/meu_workspace/install/turtlesim/include/turtlesim/turtlesim/srv/detail/teleport_absolute__struct.hpp
[27.522s] -- Installing: /home/edu-bat/Documentos/GitHub/modulo-8/atividade_2_slam/meu_workspace/install/turtlesim/include/turtlesim/turtlesim/srv/detail/teleport_relative__traits.hpp
[27.523s] -- Installing: /home/edu-bat/Documentos/GitHub/modulo-8/atividade_2_slam/meu_workspace/install/turtlesim/include/turtlesim/turtlesim/srv/detail/set_pen__struct.hpp
[27.523s] -- Installing: /home/edu-bat/Documentos/GitHub/modulo-8/atividade_2_slam/meu_workspace/install/turtlesim/include/turtlesim/turtlesim/srv/detail/teleport_absolute__builder.hpp
[27.523s] -- Installing: /home/edu-bat/Documentos/GitHub/modulo-8/atividade_2_slam/meu_workspace/install/turtlesim/include/turtlesim/turtlesim/srv/detail/teleport_relative__builder.hpp
[27.523s] -- Installing: /home/edu-bat/Documentos/GitHub/modulo-8/atividade_2_slam/meu_workspace/install/turtlesim/include/turtlesim/turtlesim/srv/detail/spawn__builder.hpp
[27.523s] -- Installing: /home/edu-bat/Documentos/GitHub/modulo-8/atividade_2_slam/meu_workspace/install/turtlesim/include/turtlesim/turtlesim/srv/detail/spawn__struct.hpp
[27.523s] -- Installing: /home/edu-bat/Documentos/GitHub/modulo-8/atividade_2_slam/meu_workspace/install/turtlesim/include/turtlesim/turtlesim/srv/detail/set_pen__traits.hpp
[27.523s] -- Installing: /home/edu-bat/Documentos/GitHub/modulo-8/atividade_2_slam/meu_workspace/install/turtlesim/include/turtlesim/turtlesim/srv/detail/teleport_absolute__traits.hpp
[27.523s] -- Installing: /home/edu-bat/Documentos/GitHub/modulo-8/atividade_2_slam/meu_workspace/install/turtlesim/include/turtlesim/turtlesim/srv/detail/kill__traits.hpp
[27.523s] -- Installing: /home/edu-bat/Documentos/GitHub/modulo-8/atividade_2_slam/meu_workspace/install/turtlesim/include/turtlesim/turtlesim/srv/detail/teleport_relative__struct.hpp
[27.523s] -- Installing: /home/edu-bat/Documentos/GitHub/modulo-8/atividade_2_slam/meu_workspace/install/turtlesim/include/turtlesim/turtlesim/srv/set_pen.hpp
[27.524s] -- Installing: /home/edu-bat/Documentos/GitHub/modulo-8/atividade_2_slam/meu_workspace/install/turtlesim/include/turtlesim/turtlesim/srv/spawn.hpp
[27.524s] -- Installing: /home/edu-bat/Documentos/GitHub/modulo-8/atividade_2_slam/meu_workspace/install/turtlesim/include/turtlesim/turtlesim/srv/kill.hpp
[27.524s] -- Installing: /home/edu-bat/Documentos/GitHub/modulo-8/atividade_2_slam/meu_workspace/install/turtlesim/include/turtlesim/turtlesim/srv/teleport_relative.hpp
[27.524s] -- Up-to-date: /home/edu-bat/Documentos/GitHub/modulo-8/atividade_2_slam/meu_workspace/install/turtlesim/include/turtlesim/turtlesim
[27.524s] -- Up-to-date: /home/edu-bat/Documentos/GitHub/modulo-8/atividade_2_slam/meu_workspace/install/turtlesim/include/turtlesim/turtlesim/msg
[27.524s] -- Up-to-date: /home/edu-bat/Documentos/GitHub/modulo-8/atividade_2_slam/meu_workspace/install/turtlesim/include/turtlesim/turtlesim/msg/detail
[27.524s] -- Installing: /home/edu-bat/Documentos/GitHub/modulo-8/atividade_2_slam/meu_workspace/install/turtlesim/include/turtlesim/turtlesim/msg/detail/color__rosidl_typesupport_fastrtps_cpp.hpp
[27.525s] -- Installing: /home/edu-bat/Documentos/GitHub/modulo-8/atividade_2_slam/meu_workspace/install/turtlesim/include/turtlesim/turtlesim/msg/detail/pose__rosidl_typesupport_fastrtps_cpp.hpp
[27.525s] -- Installing: /home/edu-bat/Documentos/GitHub/modulo-8/atividade_2_slam/meu_workspace/install/turtlesim/include/turtlesim/turtlesim/msg/detail/dds_fastrtps
[27.525s] -- Installing: /home/edu-bat/Documentos/GitHub/modulo-8/atividade_2_slam/meu_workspace/install/turtlesim/include/turtlesim/turtlesim/msg/rosidl_typesupport_fastrtps_cpp__visibility_control.h
[27.525s] -- Up-to-date: /home/edu-bat/Documentos/GitHub/modulo-8/atividade_2_slam/meu_workspace/install/turtlesim/include/turtlesim/turtlesim/action
[27.525s] -- Up-to-date: /home/edu-bat/Documentos/GitHub/modulo-8/atividade_2_slam/meu_workspace/install/turtlesim/include/turtlesim/turtlesim/action/detail
[27.526s] -- Installing: /home/edu-bat/Documentos/GitHub/modulo-8/atividade_2_slam/meu_workspace/install/turtlesim/include/turtlesim/turtlesim/action/detail/rotate_absolute__rosidl_typesupport_fastrtps_cpp.hpp
[27.526s] -- Installing: /home/edu-bat/Documentos/GitHub/modulo-8/atividade_2_slam/meu_workspace/install/turtlesim/include/turtlesim/turtlesim/action/detail/dds_fastrtps
[27.526s] -- Up-to-date: /home/edu-bat/Documentos/GitHub/modulo-8/atividade_2_slam/meu_workspace/install/turtlesim/include/turtlesim/turtlesim/srv
[27.526s] -- Up-to-date: /home/edu-bat/Documentos/GitHub/modulo-8/atividade_2_slam/meu_workspace/install/turtlesim/include/turtlesim/turtlesim/srv/detail
[27.526s] -- Installing: /home/edu-bat/Documentos/GitHub/modulo-8/atividade_2_slam/meu_workspace/install/turtlesim/include/turtlesim/turtlesim/srv/detail/set_pen__rosidl_typesupport_fastrtps_cpp.hpp
[27.526s] -- Installing: /home/edu-bat/Documentos/GitHub/modulo-8/atividade_2_slam/meu_workspace/install/turtlesim/include/turtlesim/turtlesim/srv/detail/teleport_relative__rosidl_typesupport_fastrtps_cpp.hpp
[27.526s] -- Installing: /home/edu-bat/Documentos/GitHub/modulo-8/atividade_2_slam/meu_workspace/install/turtlesim/include/turtlesim/turtlesim/srv/detail/teleport_absolute__rosidl_typesupport_fastrtps_cpp.hpp
[27.527s] -- Installing: /home/edu-bat/Documentos/GitHub/modulo-8/atividade_2_slam/meu_workspace/install/turtlesim/include/turtlesim/turtlesim/srv/detail/dds_fastrtps
[27.527s] -- Installing: /home/edu-bat/Documentos/GitHub/modulo-8/atividade_2_slam/meu_workspace/install/turtlesim/include/turtlesim/turtlesim/srv/detail/kill__rosidl_typesupport_fastrtps_cpp.hpp
[27.527s] -- Installing: /home/edu-bat/Documentos/GitHub/modulo-8/atividade_2_slam/meu_workspace/install/turtlesim/include/turtlesim/turtlesim/srv/detail/spawn__rosidl_typesupport_fastrtps_cpp.hpp
[27.527s] -- Installing: /home/edu-bat/Documentos/GitHub/modulo-8/atividade_2_slam/meu_workspace/install/turtlesim/lib/libturtlesim__rosidl_typesupport_fastrtps_cpp.so
[27.527s] -- Set runtime path of "/home/edu-bat/Documentos/GitHub/modulo-8/atividade_2_slam/meu_workspace/install/turtlesim/lib/libturtlesim__rosidl_typesupport_fastrtps_cpp.so" to ""
[27.527s] -- Up-to-date: /home/edu-bat/Documentos/GitHub/modulo-8/atividade_2_slam/meu_workspace/install/turtlesim/include/turtlesim/turtlesim
[27.528s] -- Up-to-date: /home/edu-bat/Documentos/GitHub/modulo-8/atividade_2_slam/meu_workspace/install/turtlesim/include/turtlesim/turtlesim/msg
[27.528s] -- Up-to-date: /home/edu-bat/Documentos/GitHub/modulo-8/atividade_2_slam/meu_workspace/install/turtlesim/include/turtlesim/turtlesim/msg/detail
[27.528s] -- Installing: /home/edu-bat/Documentos/GitHub/modulo-8/atividade_2_slam/meu_workspace/install/turtlesim/include/turtlesim/turtlesim/msg/detail/color__type_support.c
[27.528s] -- Installing: /home/edu-bat/Documentos/GitHub/modulo-8/atividade_2_slam/meu_workspace/install/turtlesim/include/turtlesim/turtlesim/msg/detail/color__rosidl_typesupport_introspection_c.h
[27.528s] -- Installing: /home/edu-bat/Documentos/GitHub/modulo-8/atividade_2_slam/meu_workspace/install/turtlesim/include/turtlesim/turtlesim/msg/detail/pose__rosidl_typesupport_introspection_c.h
[27.528s] -- Installing: /home/edu-bat/Documentos/GitHub/modulo-8/atividade_2_slam/meu_workspace/install/turtlesim/include/turtlesim/turtlesim/msg/detail/pose__type_support.c
[27.528s] -- Installing: /home/edu-bat/Documentos/GitHub/modulo-8/atividade_2_slam/meu_workspace/install/turtlesim/include/turtlesim/turtlesim/msg/rosidl_typesupport_introspection_c__visibility_control.h
[27.529s] -- Up-to-date: /home/edu-bat/Documentos/GitHub/modulo-8/atividade_2_slam/meu_workspace/install/turtlesim/include/turtlesim/turtlesim/action
[27.529s] -- Up-to-date: /home/edu-bat/Documentos/GitHub/modulo-8/atividade_2_slam/meu_workspace/install/turtlesim/include/turtlesim/turtlesim/action/detail
[27.529s] -- Installing: /home/edu-bat/Documentos/GitHub/modulo-8/atividade_2_slam/meu_workspace/install/turtlesim/include/turtlesim/turtlesim/action/detail/rotate_absolute__rosidl_typesupport_introspection_c.h
[27.529s] -- Installing: /home/edu-bat/Documentos/GitHub/modulo-8/atividade_2_slam/meu_workspace/install/turtlesim/include/turtlesim/turtlesim/action/detail/rotate_absolute__type_support.c
[27.529s] -- Up-to-date: /home/edu-bat/Documentos/GitHub/modulo-8/atividade_2_slam/meu_workspace/install/turtlesim/include/turtlesim/turtlesim/srv
[27.529s] -- Up-to-date: /home/edu-bat/Documentos/GitHub/modulo-8/atividade_2_slam/meu_workspace/install/turtlesim/include/turtlesim/turtlesim/srv/detail
[27.530s] -- Installing: /home/edu-bat/Documentos/GitHub/modulo-8/atividade_2_slam/meu_workspace/install/turtlesim/include/turtlesim/turtlesim/srv/detail/teleport_relative__type_support.c
[27.530s] -- Installing: /home/edu-bat/Documentos/GitHub/modulo-8/atividade_2_slam/meu_workspace/install/turtlesim/include/turtlesim/turtlesim/srv/detail/set_pen__rosidl_typesupport_introspection_c.h
[27.530s] -- Installing: /home/edu-bat/Documentos/GitHub/modulo-8/atividade_2_slam/meu_workspace/install/turtlesim/include/turtlesim/turtlesim/srv/detail/teleport_absolute__type_support.c
[27.530s] -- Installing: /home/edu-bat/Documentos/GitHub/modulo-8/atividade_2_slam/meu_workspace/install/turtlesim/include/turtlesim/turtlesim/srv/detail/teleport_absolute__rosidl_typesupport_introspection_c.h
[27.530s] -- Installing: /home/edu-bat/Documentos/GitHub/modulo-8/atividade_2_slam/meu_workspace/install/turtlesim/include/turtlesim/turtlesim/srv/detail/teleport_relative__rosidl_typesupport_introspection_c.h
[27.530s] -- Installing: /home/edu-bat/Documentos/GitHub/modulo-8/atividade_2_slam/meu_workspace/install/turtlesim/include/turtlesim/turtlesim/srv/detail/spawn__rosidl_typesupport_introspection_c.h
[27.530s] -- Installing: /home/edu-bat/Documentos/GitHub/modulo-8/atividade_2_slam/meu_workspace/install/turtlesim/include/turtlesim/turtlesim/srv/detail/kill__type_support.c
[27.530s] -- Installing: /home/edu-bat/Documentos/GitHub/modulo-8/atividade_2_slam/meu_workspace/install/turtlesim/include/turtlesim/turtlesim/srv/detail/set_pen__type_support.c
[27.530s] -- Installing: /home/edu-bat/Documentos/GitHub/modulo-8/atividade_2_slam/meu_workspace/install/turtlesim/include/turtlesim/turtlesim/srv/detail/spawn__type_support.c
[27.531s] -- Installing: /home/edu-bat/Documentos/GitHub/modulo-8/atividade_2_slam/meu_workspace/install/turtlesim/include/turtlesim/turtlesim/srv/detail/kill__rosidl_typesupport_introspection_c.h
[27.531s] -- Installing: /home/edu-bat/Documentos/GitHub/modulo-8/atividade_2_slam/meu_workspace/install/turtlesim/lib/libturtlesim__rosidl_typesupport_introspection_c.so
[27.531s] -- Set runtime path of "/home/edu-bat/Documentos/GitHub/modulo-8/atividade_2_slam/meu_workspace/install/turtlesim/lib/libturtlesim__rosidl_typesupport_introspection_c.so" to ""
[27.531s] -- Installing: /home/edu-bat/Documentos/GitHub/modulo-8/atividade_2_slam/meu_workspace/install/turtlesim/lib/libturtlesim__rosidl_typesupport_c.so
[27.532s] -- Set runtime path of "/home/edu-bat/Documentos/GitHub/modulo-8/atividade_2_slam/meu_workspace/install/turtlesim/lib/libturtlesim__rosidl_typesupport_c.so" to ""
[27.532s] -- Up-to-date: /home/edu-bat/Documentos/GitHub/modulo-8/atividade_2_slam/meu_workspace/install/turtlesim/include/turtlesim/turtlesim
[27.532s] -- Up-to-date: /home/edu-bat/Documentos/GitHub/modulo-8/atividade_2_slam/meu_workspace/install/turtlesim/include/turtlesim/turtlesim/msg
[27.532s] -- Up-to-date: /home/edu-bat/Documentos/GitHub/modulo-8/atividade_2_slam/meu_workspace/install/turtlesim/include/turtlesim/turtlesim/msg/detail
[27.532s] -- Installing: /home/edu-bat/Documentos/GitHub/modulo-8/atividade_2_slam/meu_workspace/install/turtlesim/include/turtlesim/turtlesim/msg/detail/pose__type_support.cpp
[27.533s] -- Installing: /home/edu-bat/Documentos/GitHub/modulo-8/atividade_2_slam/meu_workspace/install/turtlesim/include/turtlesim/turtlesim/msg/detail/color__type_support.cpp
[27.533s] -- Installing: /home/edu-bat/Documentos/GitHub/modulo-8/atividade_2_slam/meu_workspace/install/turtlesim/include/turtlesim/turtlesim/msg/detail/color__rosidl_typesupport_introspection_cpp.hpp
[27.533s] -- Installing: /home/edu-bat/Documentos/GitHub/modulo-8/atividade_2_slam/meu_workspace/install/turtlesim/include/turtlesim/turtlesim/msg/detail/pose__rosidl_typesupport_introspection_cpp.hpp
[27.533s] -- Up-to-date: /home/edu-bat/Documentos/GitHub/modulo-8/atividade_2_slam/meu_workspace/install/turtlesim/include/turtlesim/turtlesim/action
[27.533s] -- Up-to-date: /home/edu-bat/Documentos/GitHub/modulo-8/atividade_2_slam/meu_workspace/install/turtlesim/include/turtlesim/turtlesim/action/detail
[27.533s] -- Installing: /home/edu-bat/Documentos/GitHub/modulo-8/atividade_2_slam/meu_workspace/install/turtlesim/include/turtlesim/turtlesim/action/detail/rotate_absolute__type_support.cpp
[27.533s] -- Installing: /home/edu-bat/Documentos/GitHub/modulo-8/atividade_2_slam/meu_workspace/install/turtlesim/include/turtlesim/turtlesim/action/detail/rotate_absolute__rosidl_typesupport_introspection_cpp.hpp
[27.533s] -- Up-to-date: /home/edu-bat/Documentos/GitHub/modulo-8/atividade_2_slam/meu_workspace/install/turtlesim/include/turtlesim/turtlesim/srv
[27.533s] -- Up-to-date: /home/edu-bat/Documentos/GitHub/modulo-8/atividade_2_slam/meu_workspace/install/turtlesim/include/turtlesim/turtlesim/srv/detail
[27.534s] -- Installing: /home/edu-bat/Documentos/GitHub/modulo-8/atividade_2_slam/meu_workspace/install/turtlesim/include/turtlesim/turtlesim/srv/detail/kill__type_support.cpp
[27.534s] -- Installing: /home/edu-bat/Documentos/GitHub/modulo-8/atividade_2_slam/meu_workspace/install/turtlesim/include/turtlesim/turtlesim/srv/detail/kill__rosidl_typesupport_introspection_cpp.hpp
[27.534s] -- Installing: /home/edu-bat/Documentos/GitHub/modulo-8/atividade_2_slam/meu_workspace/install/turtlesim/include/turtlesim/turtlesim/srv/detail/teleport_relative__rosidl_typesupport_introspection_cpp.hpp
[27.534s] -- Installing: /home/edu-bat/Documentos/GitHub/modulo-8/atividade_2_slam/meu_workspace/install/turtlesim/include/turtlesim/turtlesim/srv/detail/teleport_absolute__type_support.cpp
[27.534s] -- Installing: /home/edu-bat/Documentos/GitHub/modulo-8/atividade_2_slam/meu_workspace/install/turtlesim/include/turtlesim/turtlesim/srv/detail/spawn__rosidl_typesupport_introspection_cpp.hpp
[27.534s] -- Installing: /home/edu-bat/Documentos/GitHub/modulo-8/atividade_2_slam/meu_workspace/install/turtlesim/include/turtlesim/turtlesim/srv/detail/set_pen__rosidl_typesupport_introspection_cpp.hpp
[27.534s] -- Installing: /home/edu-bat/Documentos/GitHub/modulo-8/atividade_2_slam/meu_workspace/install/turtlesim/include/turtlesim/turtlesim/srv/detail/teleport_relative__type_support.cpp
[27.534s] -- Installing: /home/edu-bat/Documentos/GitHub/modulo-8/atividade_2_slam/meu_workspace/install/turtlesim/include/turtlesim/turtlesim/srv/detail/set_pen__type_support.cpp
[27.535s] -- Installing: /home/edu-bat/Documentos/GitHub/modulo-8/atividade_2_slam/meu_workspace/install/turtlesim/include/turtlesim/turtlesim/srv/detail/teleport_absolute__rosidl_typesupport_introspection_cpp.hpp
[27.535s] -- Installing: /home/edu-bat/Documentos/GitHub/modulo-8/atividade_2_slam/meu_workspace/install/turtlesim/include/turtlesim/turtlesim/srv/detail/spawn__type_support.cpp
[27.535s] -- Installing: /home/edu-bat/Documentos/GitHub/modulo-8/atividade_2_slam/meu_workspace/install/turtlesim/lib/libturtlesim__rosidl_typesupport_introspection_cpp.so
[27.535s] -- Set runtime path of "/home/edu-bat/Documentos/GitHub/modulo-8/atividade_2_slam/meu_workspace/install/turtlesim/lib/libturtlesim__rosidl_typesupport_introspection_cpp.so" to ""
[27.535s] -- Installing: /home/edu-bat/Documentos/GitHub/modulo-8/atividade_2_slam/meu_workspace/install/turtlesim/lib/libturtlesim__rosidl_typesupport_cpp.so
[27.535s] -- Set runtime path of "/home/edu-bat/Documentos/GitHub/modulo-8/atividade_2_slam/meu_workspace/install/turtlesim/lib/libturtlesim__rosidl_typesupport_cpp.so" to ""
[27.536s] -- Installing: /home/edu-bat/Documentos/GitHub/modulo-8/atividade_2_slam/meu_workspace/install/turtlesim/share/turtlesim/environment/pythonpath.sh
[27.536s] -- Installing: /home/edu-bat/Documentos/GitHub/modulo-8/atividade_2_slam/meu_workspace/install/turtlesim/share/turtlesim/environment/pythonpath.dsv
[27.536s] -- Installing: /home/edu-bat/Documentos/GitHub/modulo-8/atividade_2_slam/meu_workspace/install/turtlesim/local/lib/python3.10/dist-packages/turtlesim-1.4.2-py3.10.egg-info
[27.537s] -- Installing: /home/edu-bat/Documentos/GitHub/modulo-8/atividade_2_slam/meu_workspace/install/turtlesim/local/lib/python3.10/dist-packages/turtlesim-1.4.2-py3.10.egg-info/PKG-INFO
[27.537s] -- Installing: /home/edu-bat/Documentos/GitHub/modulo-8/atividade_2_slam/meu_workspace/install/turtlesim/local/lib/python3.10/dist-packages/turtlesim-1.4.2-py3.10.egg-info/top_level.txt
[27.537s] -- Installing: /home/edu-bat/Documentos/GitHub/modulo-8/atividade_2_slam/meu_workspace/install/turtlesim/local/lib/python3.10/dist-packages/turtlesim-1.4.2-py3.10.egg-info/SOURCES.txt
[27.537s] -- Installing: /home/edu-bat/Documentos/GitHub/modulo-8/atividade_2_slam/meu_workspace/install/turtlesim/local/lib/python3.10/dist-packages/turtlesim-1.4.2-py3.10.egg-info/dependency_links.txt
[27.537s] -- Installing: /home/edu-bat/Documentos/GitHub/modulo-8/atividade_2_slam/meu_workspace/install/turtlesim/local/lib/python3.10/dist-packages/turtlesim
[27.537s] -- Installing: /home/edu-bat/Documentos/GitHub/modulo-8/atividade_2_slam/meu_workspace/install/turtlesim/local/lib/python3.10/dist-packages/turtlesim/libturtlesim__rosidl_generator_py.so
[27.538s] -- Installing: /home/edu-bat/Documentos/GitHub/modulo-8/atividade_2_slam/meu_workspace/install/turtlesim/local/lib/python3.10/dist-packages/turtlesim/turtlesim_s__rosidl_typesupport_c.cpython-310-x86_64-linux-gnu.so
[27.538s] -- Installing: /home/edu-bat/Documentos/GitHub/modulo-8/atividade_2_slam/meu_workspace/install/turtlesim/local/lib/python3.10/dist-packages/turtlesim/turtlesim_s__rosidl_typesupport_introspection_c.cpython-310-x86_64-linux-gnu.so
[27.538s] -- Installing: /home/edu-bat/Documentos/GitHub/modulo-8/atividade_2_slam/meu_workspace/install/turtlesim/local/lib/python3.10/dist-packages/turtlesim/msg
[27.538s] -- Installing: /home/edu-bat/Documentos/GitHub/modulo-8/atividade_2_slam/meu_workspace/install/turtlesim/local/lib/python3.10/dist-packages/turtlesim/msg/__init__.py
[27.538s] -- Installing: /home/edu-bat/Documentos/GitHub/modulo-8/atividade_2_slam/meu_workspace/install/turtlesim/local/lib/python3.10/dist-packages/turtlesim/msg/_pose.py
[27.538s] -- Installing: /home/edu-bat/Documentos/GitHub/modulo-8/atividade_2_slam/meu_workspace/install/turtlesim/local/lib/python3.10/dist-packages/turtlesim/msg/_color.py
[27.538s] -- Installing: /home/edu-bat/Documentos/GitHub/modulo-8/atividade_2_slam/meu_workspace/install/turtlesim/local/lib/python3.10/dist-packages/turtlesim/msg/_color_s.c
[27.538s] -- Installing: /home/edu-bat/Documentos/GitHub/modulo-8/atividade_2_slam/meu_workspace/install/turtlesim/local/lib/python3.10/dist-packages/turtlesim/msg/_pose_s.c
[27.538s] -- Installing: /home/edu-bat/Documentos/GitHub/modulo-8/atividade_2_slam/meu_workspace/install/turtlesim/local/lib/python3.10/dist-packages/turtlesim/turtlesim_s__rosidl_typesupport_fastrtps_c.cpython-310-x86_64-linux-gnu.so
[27.539s] -- Installing: /home/edu-bat/Documentos/GitHub/modulo-8/atividade_2_slam/meu_workspace/install/turtlesim/local/lib/python3.10/dist-packages/turtlesim/action
[27.539s] -- Installing: /home/edu-bat/Documentos/GitHub/modulo-8/atividade_2_slam/meu_workspace/install/turtlesim/local/lib/python3.10/dist-packages/turtlesim/action/__init__.py
[27.539s] -- Installing: /home/edu-bat/Documentos/GitHub/modulo-8/atividade_2_slam/meu_workspace/install/turtlesim/local/lib/python3.10/dist-packages/turtlesim/action/_rotate_absolute_s.c
[27.539s] -- Installing: /home/edu-bat/Documentos/GitHub/modulo-8/atividade_2_slam/meu_workspace/install/turtlesim/local/lib/python3.10/dist-packages/turtlesim/action/_rotate_absolute.py
[27.539s] -- Installing: /home/edu-bat/Documentos/GitHub/modulo-8/atividade_2_slam/meu_workspace/install/turtlesim/local/lib/python3.10/dist-packages/turtlesim/__init__.py
[27.539s] -- Installing: /home/edu-bat/Documentos/GitHub/modulo-8/atividade_2_slam/meu_workspace/install/turtlesim/local/lib/python3.10/dist-packages/turtlesim/_turtlesim_s.ep.rosidl_typesupport_fastrtps_c.c
[27.539s] -- Installing: /home/edu-bat/Documentos/GitHub/modulo-8/atividade_2_slam/meu_workspace/install/turtlesim/local/lib/python3.10/dist-packages/turtlesim/srv
[27.539s] -- Installing: /home/edu-bat/Documentos/GitHub/modulo-8/atividade_2_slam/meu_workspace/install/turtlesim/local/lib/python3.10/dist-packages/turtlesim/srv/_teleport_absolute.py
[27.539s] -- Installing: /home/edu-bat/Documentos/GitHub/modulo-8/atividade_2_slam/meu_workspace/install/turtlesim/local/lib/python3.10/dist-packages/turtlesim/srv/_spawn.py
[27.540s] -- Installing: /home/edu-bat/Documentos/GitHub/modulo-8/atividade_2_slam/meu_workspace/install/turtlesim/local/lib/python3.10/dist-packages/turtlesim/srv/_teleport_relative.py
[27.540s] -- Installing: /home/edu-bat/Documentos/GitHub/modulo-8/atividade_2_slam/meu_workspace/install/turtlesim/local/lib/python3.10/dist-packages/turtlesim/srv/_set_pen_s.c
[27.540s] -- Installing: /home/edu-bat/Documentos/GitHub/modulo-8/atividade_2_slam/meu_workspace/install/turtlesim/local/lib/python3.10/dist-packages/turtlesim/srv/_kill.py
[27.540s] -- Installing: /home/edu-bat/Documentos/GitHub/modulo-8/atividade_2_slam/meu_workspace/install/turtlesim/local/lib/python3.10/dist-packages/turtlesim/srv/_teleport_relative_s.c
[27.540s] -- Installing: /home/edu-bat/Documentos/GitHub/modulo-8/atividade_2_slam/meu_workspace/install/turtlesim/local/lib/python3.10/dist-packages/turtlesim/srv/_teleport_absolute_s.c
[27.540s] -- Installing: /home/edu-bat/Documentos/GitHub/modulo-8/atividade_2_slam/meu_workspace/install/turtlesim/local/lib/python3.10/dist-packages/turtlesim/srv/__init__.py
[27.540s] -- Installing: /home/edu-bat/Documentos/GitHub/modulo-8/atividade_2_slam/meu_workspace/install/turtlesim/local/lib/python3.10/dist-packages/turtlesim/srv/_spawn_s.c
[27.540s] -- Installing: /home/edu-bat/Documentos/GitHub/modulo-8/atividade_2_slam/meu_workspace/install/turtlesim/local/lib/python3.10/dist-packages/turtlesim/srv/_kill_s.c
[27.540s] -- Installing: /home/edu-bat/Documentos/GitHub/modulo-8/atividade_2_slam/meu_workspace/install/turtlesim/local/lib/python3.10/dist-packages/turtlesim/srv/_set_pen.py
[27.540s] -- Installing: /home/edu-bat/Documentos/GitHub/modulo-8/atividade_2_slam/meu_workspace/install/turtlesim/local/lib/python3.10/dist-packages/turtlesim/_turtlesim_s.ep.rosidl_typesupport_introspection_c.c
[27.541s] -- Installing: /home/edu-bat/Documentos/GitHub/modulo-8/atividade_2_slam/meu_workspace/install/turtlesim/local/lib/python3.10/dist-packages/turtlesim/_turtlesim_s.ep.rosidl_typesupport_c.c
[27.611s] Listing '/home/edu-bat/Documentos/GitHub/modulo-8/atividade_2_slam/meu_workspace/install/turtlesim/local/lib/python3.10/dist-packages/turtlesim'...
[27.611s] Compiling '/home/edu-bat/Documentos/GitHub/modulo-8/atividade_2_slam/meu_workspace/install/turtlesim/local/lib/python3.10/dist-packages/turtlesim/__init__.py'...
[27.611s] Listing '/home/edu-bat/Documentos/GitHub/modulo-8/atividade_2_slam/meu_workspace/install/turtlesim/local/lib/python3.10/dist-packages/turtlesim/action'...
[27.611s] Compiling '/home/edu-bat/Documentos/GitHub/modulo-8/atividade_2_slam/meu_workspace/install/turtlesim/local/lib/python3.10/dist-packages/turtlesim/action/__init__.py'...
[27.611s] Compiling '/home/edu-bat/Documentos/GitHub/modulo-8/atividade_2_slam/meu_workspace/install/turtlesim/local/lib/python3.10/dist-packages/turtlesim/action/_rotate_absolute.py'...
[27.611s] Listing '/home/edu-bat/Documentos/GitHub/modulo-8/atividade_2_slam/meu_workspace/install/turtlesim/local/lib/python3.10/dist-packages/turtlesim/msg'...
[27.611s] Compiling '/home/edu-bat/Documentos/GitHub/modulo-8/atividade_2_slam/meu_workspace/install/turtlesim/local/lib/python3.10/dist-packages/turtlesim/msg/__init__.py'...
[27.611s] Compiling '/home/edu-bat/Documentos/GitHub/modulo-8/atividade_2_slam/meu_workspace/install/turtlesim/local/lib/python3.10/dist-packages/turtlesim/msg/_color.py'...
[27.611s] Compiling '/home/edu-bat/Documentos/GitHub/modulo-8/atividade_2_slam/meu_workspace/install/turtlesim/local/lib/python3.10/dist-packages/turtlesim/msg/_pose.py'...
[27.611s] Listing '/home/edu-bat/Documentos/GitHub/modulo-8/atividade_2_slam/meu_workspace/install/turtlesim/local/lib/python3.10/dist-packages/turtlesim/srv'...
[27.611s] Compiling '/home/edu-bat/Documentos/GitHub/modulo-8/atividade_2_slam/meu_workspace/install/turtlesim/local/lib/python3.10/dist-packages/turtlesim/srv/__init__.py'...
[27.611s] Compiling '/home/edu-bat/Documentos/GitHub/modulo-8/atividade_2_slam/meu_workspace/install/turtlesim/local/lib/python3.10/dist-packages/turtlesim/srv/_kill.py'...
[27.612s] Compiling '/home/edu-bat/Documentos/GitHub/modulo-8/atividade_2_slam/meu_workspace/install/turtlesim/local/lib/python3.10/dist-packages/turtlesim/srv/_set_pen.py'...
[27.612s] Compiling '/home/edu-bat/Documentos/GitHub/modulo-8/atividade_2_slam/meu_workspace/install/turtlesim/local/lib/python3.10/dist-packages/turtlesim/srv/_spawn.py'...
[27.612s] Compiling '/home/edu-bat/Documentos/GitHub/modulo-8/atividade_2_slam/meu_workspace/install/turtlesim/local/lib/python3.10/dist-packages/turtlesim/srv/_teleport_absolute.py'...
[27.612s] Compiling '/home/edu-bat/Documentos/GitHub/modulo-8/atividade_2_slam/meu_workspace/install/turtlesim/local/lib/python3.10/dist-packages/turtlesim/srv/_teleport_relative.py'...
[27.616s] -- Installing: /home/edu-bat/Documentos/GitHub/modulo-8/atividade_2_slam/meu_workspace/install/turtlesim/local/lib/python3.10/dist-packages/turtlesim/turtlesim_s__rosidl_typesupport_fastrtps_c.cpython-310-x86_64-linux-gnu.so
[27.616s] -- Set runtime path of "/home/edu-bat/Documentos/GitHub/modulo-8/atividade_2_slam/meu_workspace/install/turtlesim/local/lib/python3.10/dist-packages/turtlesim/turtlesim_s__rosidl_typesupport_fastrtps_c.cpython-310-x86_64-linux-gnu.so" to ""
[27.617s] -- Installing: /home/edu-bat/Documentos/GitHub/modulo-8/atividade_2_slam/meu_workspace/install/turtlesim/local/lib/python3.10/dist-packages/turtlesim/turtlesim_s__rosidl_typesupport_introspection_c.cpython-310-x86_64-linux-gnu.so
[27.617s] -- Set runtime path of "/home/edu-bat/Documentos/GitHub/modulo-8/atividade_2_slam/meu_workspace/install/turtlesim/local/lib/python3.10/dist-packages/turtlesim/turtlesim_s__rosidl_typesupport_introspection_c.cpython-310-x86_64-linux-gnu.so" to ""
[27.617s] -- Installing: /home/edu-bat/Documentos/GitHub/modulo-8/atividade_2_slam/meu_workspace/install/turtlesim/local/lib/python3.10/dist-packages/turtlesim/turtlesim_s__rosidl_typesupport_c.cpython-310-x86_64-linux-gnu.so
[27.617s] -- Set runtime path of "/home/edu-bat/Documentos/GitHub/modulo-8/atividade_2_slam/meu_workspace/install/turtlesim/local/lib/python3.10/dist-packages/turtlesim/turtlesim_s__rosidl_typesupport_c.cpython-310-x86_64-linux-gnu.so" to ""
[27.617s] -- Installing: /home/edu-bat/Documentos/GitHub/modulo-8/atividade_2_slam/meu_workspace/install/turtlesim/lib/libturtlesim__rosidl_generator_py.so
[27.618s] -- Set runtime path of "/home/edu-bat/Documentos/GitHub/modulo-8/atividade_2_slam/meu_workspace/install/turtlesim/lib/libturtlesim__rosidl_generator_py.so" to ""
[27.619s] -- Installing: /home/edu-bat/Documentos/GitHub/modulo-8/atividade_2_slam/meu_workspace/install/turtlesim/share/turtlesim/action/RotateAbsolute.idl
[27.619s] -- Installing: /home/edu-bat/Documentos/GitHub/modulo-8/atividade_2_slam/meu_workspace/install/turtlesim/share/turtlesim/msg/Color.idl
[27.619s] -- Installing: /home/edu-bat/Documentos/GitHub/modulo-8/atividade_2_slam/meu_workspace/install/turtlesim/share/turtlesim/msg/Pose.idl
[27.620s] -- Installing: /home/edu-bat/Documentos/GitHub/modulo-8/atividade_2_slam/meu_workspace/install/turtlesim/share/turtlesim/srv/Kill.idl
[27.620s] -- Installing: /home/edu-bat/Documentos/GitHub/modulo-8/atividade_2_slam/meu_workspace/install/turtlesim/share/turtlesim/srv/SetPen.idl
[27.620s] -- Installing: /home/edu-bat/Documentos/GitHub/modulo-8/atividade_2_slam/meu_workspace/install/turtlesim/share/turtlesim/srv/Spawn.idl
[27.620s] -- Installing: /home/edu-bat/Documentos/GitHub/modulo-8/atividade_2_slam/meu_workspace/install/turtlesim/share/turtlesim/srv/TeleportAbsolute.idl
[27.621s] -- Installing: /home/edu-bat/Documentos/GitHub/modulo-8/atividade_2_slam/meu_workspace/install/turtlesim/share/turtlesim/srv/TeleportRelative.idl
[27.622s] -- Installing: /home/edu-bat/Documentos/GitHub/modulo-8/atividade_2_slam/meu_workspace/install/turtlesim/share/turtlesim/action/RotateAbsolute.action
[27.622s] -- Installing: /home/edu-bat/Documentos/GitHub/modulo-8/atividade_2_slam/meu_workspace/install/turtlesim/share/turtlesim/msg/Color.msg
[27.622s] -- Installing: /home/edu-bat/Documentos/GitHub/modulo-8/atividade_2_slam/meu_workspace/install/turtlesim/share/turtlesim/msg/Pose.msg
[27.623s] -- Installing: /home/edu-bat/Documentos/GitHub/modulo-8/atividade_2_slam/meu_workspace/install/turtlesim/share/turtlesim/srv/Kill.srv
[27.624s] -- Installing: /home/edu-bat/Documentos/GitHub/modulo-8/atividade_2_slam/meu_workspace/install/turtlesim/share/turtlesim/srv/Kill_Request.msg
[27.624s] -- Installing: /home/edu-bat/Documentos/GitHub/modulo-8/atividade_2_slam/meu_workspace/install/turtlesim/share/turtlesim/srv/Kill_Response.msg
[27.624s] -- Installing: /home/edu-bat/Documentos/GitHub/modulo-8/atividade_2_slam/meu_workspace/install/turtlesim/share/turtlesim/srv/SetPen.srv
[27.624s] -- Installing: /home/edu-bat/Documentos/GitHub/modulo-8/atividade_2_slam/meu_workspace/install/turtlesim/share/turtlesim/srv/SetPen_Request.msg
[27.625s] -- Installing: /home/edu-bat/Documentos/GitHub/modulo-8/atividade_2_slam/meu_workspace/install/turtlesim/share/turtlesim/srv/SetPen_Response.msg
[27.625s] -- Installing: /home/edu-bat/Documentos/GitHub/modulo-8/atividade_2_slam/meu_workspace/install/turtlesim/share/turtlesim/srv/Spawn.srv
[27.625s] -- Installing: /home/edu-bat/Documentos/GitHub/modulo-8/atividade_2_slam/meu_workspace/install/turtlesim/share/turtlesim/srv/Spawn_Request.msg
[27.625s] -- Installing: /home/edu-bat/Documentos/GitHub/modulo-8/atividade_2_slam/meu_workspace/install/turtlesim/share/turtlesim/srv/Spawn_Response.msg
[27.626s] -- Installing: /home/edu-bat/Documentos/GitHub/modulo-8/atividade_2_slam/meu_workspace/install/turtlesim/share/turtlesim/srv/TeleportAbsolute.srv
[27.626s] -- Installing: /home/edu-bat/Documentos/GitHub/modulo-8/atividade_2_slam/meu_workspace/install/turtlesim/share/turtlesim/srv/TeleportAbsolute_Request.msg
[27.626s] -- Installing: /home/edu-bat/Documentos/GitHub/modulo-8/atividade_2_slam/meu_workspace/install/turtlesim/share/turtlesim/srv/TeleportAbsolute_Response.msg
[27.626s] -- Installing: /home/edu-bat/Documentos/GitHub/modulo-8/atividade_2_slam/meu_workspace/install/turtlesim/share/turtlesim/srv/TeleportRelative.srv
[27.627s] -- Installing: /home/edu-bat/Documentos/GitHub/modulo-8/atividade_2_slam/meu_workspace/install/turtlesim/share/turtlesim/srv/TeleportRelative_Request.msg
[27.627s] -- Installing: /home/edu-bat/Documentos/GitHub/modulo-8/atividade_2_slam/meu_workspace/install/turtlesim/share/turtlesim/srv/TeleportRelative_Response.msg
[27.627s] -- Installing: /home/edu-bat/Documentos/GitHub/modulo-8/atividade_2_slam/meu_workspace/install/turtlesim/lib/turtlesim/turtlesim_node
[27.634s] -- Set runtime path of "/home/edu-bat/Documentos/GitHub/modulo-8/atividade_2_slam/meu_workspace/install/turtlesim/lib/turtlesim/turtlesim_node" to ""
[27.634s] -- Installing: /home/edu-bat/Documentos/GitHub/modulo-8/atividade_2_slam/meu_workspace/install/turtlesim/lib/turtlesim/turtle_teleop_key
[27.635s] -- Set runtime path of "/home/edu-bat/Documentos/GitHub/modulo-8/atividade_2_slam/meu_workspace/install/turtlesim/lib/turtlesim/turtle_teleop_key" to ""
[27.635s] -- Installing: /home/edu-bat/Documentos/GitHub/modulo-8/atividade_2_slam/meu_workspace/install/turtlesim/lib/turtlesim/draw_square
[27.638s] -- Set runtime path of "/home/edu-bat/Documentos/GitHub/modulo-8/atividade_2_slam/meu_workspace/install/turtlesim/lib/turtlesim/draw_square" to ""
[27.638s] -- Installing: /home/edu-bat/Documentos/GitHub/modulo-8/atividade_2_slam/meu_workspace/install/turtlesim/lib/turtlesim/mimic
[27.641s] -- Set runtime path of "/home/edu-bat/Documentos/GitHub/modulo-8/atividade_2_slam/meu_workspace/install/turtlesim/lib/turtlesim/mimic" to ""
[27.641s] -- Installing: /home/edu-bat/Documentos/GitHub/modulo-8/atividade_2_slam/meu_workspace/install/turtlesim/share/turtlesim/images
[27.641s] -- Installing: /home/edu-bat/Documentos/GitHub/modulo-8/atividade_2_slam/meu_workspace/install/turtlesim/share/turtlesim/images/bouncy.png
[27.641s] -- Installing: /home/edu-bat/Documentos/GitHub/modulo-8/atividade_2_slam/meu_workspace/install/turtlesim/share/turtlesim/images/humble.png
[27.642s] -- Installing: /home/edu-bat/Documentos/GitHub/modulo-8/atividade_2_slam/meu_workspace/install/turtlesim/share/turtlesim/images/rolling.png
[27.642s] -- Installing: /home/edu-bat/Documentos/GitHub/modulo-8/atividade_2_slam/meu_workspace/install/turtlesim/share/turtlesim/images/crystal.png
[27.642s] -- Installing: /home/edu-bat/Documentos/GitHub/modulo-8/atividade_2_slam/meu_workspace/install/turtlesim/share/turtlesim/images/galactic.png
[27.642s] -- Installing: /home/edu-bat/Documentos/GitHub/modulo-8/atividade_2_slam/meu_workspace/install/turtlesim/share/turtlesim/images/ardent.png
[27.643s] -- Installing: /home/edu-bat/Documentos/GitHub/modulo-8/atividade_2_slam/meu_workspace/install/turtlesim/share/turtlesim/images/foxy.png
[27.643s] -- Installing: /home/edu-bat/Documentos/GitHub/modulo-8/atividade_2_slam/meu_workspace/install/turtlesim/share/turtlesim/images/eloquent.png
[27.643s] -- Installing: /home/edu-bat/Documentos/GitHub/modulo-8/atividade_2_slam/meu_workspace/install/turtlesim/share/turtlesim/images/dashing.png
[27.644s] -- Installing: /home/edu-bat/Documentos/GitHub/modulo-8/atividade_2_slam/meu_workspace/install/turtlesim/share/turtlesim/launch
[27.644s] -- Installing: /home/edu-bat/Documentos/GitHub/modulo-8/atividade_2_slam/meu_workspace/install/turtlesim/share/turtlesim/launch/multisim.launch.py
[27.644s] -- Installing: /home/edu-bat/Documentos/GitHub/modulo-8/atividade_2_slam/meu_workspace/install/turtlesim/share/ament_index/resource_index/package_run_dependencies/turtlesim
[27.645s] -- Installing: /home/edu-bat/Documentos/GitHub/modulo-8/atividade_2_slam/meu_workspace/install/turtlesim/share/ament_index/resource_index/parent_prefix_path/turtlesim
[27.646s] -- Installing: /home/edu-bat/Documentos/GitHub/modulo-8/atividade_2_slam/meu_workspace/install/turtlesim/share/turtlesim/environment/ament_prefix_path.sh
[27.647s] -- Installing: /home/edu-bat/Documentos/GitHub/modulo-8/atividade_2_slam/meu_workspace/install/turtlesim/share/turtlesim/environment/ament_prefix_path.dsv
[27.647s] -- Installing: /home/edu-bat/Documentos/GitHub/modulo-8/atividade_2_slam/meu_workspace/install/turtlesim/share/turtlesim/environment/path.sh
[27.648s] -- Installing: /home/edu-bat/Documentos/GitHub/modulo-8/atividade_2_slam/meu_workspace/install/turtlesim/share/turtlesim/environment/path.dsv
[27.648s] -- Installing: /home/edu-bat/Documentos/GitHub/modulo-8/atividade_2_slam/meu_workspace/install/turtlesim/share/turtlesim/local_setup.bash
[27.649s] -- Installing: /home/edu-bat/Documentos/GitHub/modulo-8/atividade_2_slam/meu_workspace/install/turtlesim/share/turtlesim/local_setup.sh
[27.649s] -- Installing: /home/edu-bat/Documentos/GitHub/modulo-8/atividade_2_slam/meu_workspace/install/turtlesim/share/turtlesim/local_setup.zsh
[27.649s] -- Installing: /home/edu-bat/Documentos/GitHub/modulo-8/atividade_2_slam/meu_workspace/install/turtlesim/share/turtlesim/local_setup.dsv
[27.650s] -- Installing: /home/edu-bat/Documentos/GitHub/modulo-8/atividade_2_slam/meu_workspace/install/turtlesim/share/turtlesim/package.dsv
[27.650s] -- Installing: /home/edu-bat/Documentos/GitHub/modulo-8/atividade_2_slam/meu_workspace/install/turtlesim/share/ament_index/resource_index/packages/turtlesim
[27.651s] -- Installing: /home/edu-bat/Documentos/GitHub/modulo-8/atividade_2_slam/meu_workspace/install/turtlesim/share/turtlesim/cmake/export_turtlesim__rosidl_generator_cExport.cmake
[27.651s] -- Installing: /home/edu-bat/Documentos/GitHub/modulo-8/atividade_2_slam/meu_workspace/install/turtlesim/share/turtlesim/cmake/export_turtlesim__rosidl_generator_cExport-noconfig.cmake
[27.652s] -- Installing: /home/edu-bat/Documentos/GitHub/modulo-8/atividade_2_slam/meu_workspace/install/turtlesim/share/turtlesim/cmake/export_turtlesim__rosidl_typesupport_fastrtps_cExport.cmake
[27.652s] -- Installing: /home/edu-bat/Documentos/GitHub/modulo-8/atividade_2_slam/meu_workspace/install/turtlesim/share/turtlesim/cmake/export_turtlesim__rosidl_typesupport_fastrtps_cExport-noconfig.cmake
[27.652s] -- Installing: /home/edu-bat/Documentos/GitHub/modulo-8/atividade_2_slam/meu_workspace/install/turtlesim/share/turtlesim/cmake/export_turtlesim__rosidl_generator_cppExport.cmake
[27.652s] -- Installing: /home/edu-bat/Documentos/GitHub/modulo-8/atividade_2_slam/meu_workspace/install/turtlesim/share/turtlesim/cmake/export_turtlesim__rosidl_typesupport_fastrtps_cppExport.cmake
[27.653s] -- Installing: /home/edu-bat/Documentos/GitHub/modulo-8/atividade_2_slam/meu_workspace/install/turtlesim/share/turtlesim/cmake/export_turtlesim__rosidl_typesupport_fastrtps_cppExport-noconfig.cmake
[27.653s] -- Installing: /home/edu-bat/Documentos/GitHub/modulo-8/atividade_2_slam/meu_workspace/install/turtlesim/share/turtlesim/cmake/turtlesim__rosidl_typesupport_introspection_cExport.cmake
[27.653s] -- Installing: /home/edu-bat/Documentos/GitHub/modulo-8/atividade_2_slam/meu_workspace/install/turtlesim/share/turtlesim/cmake/turtlesim__rosidl_typesupport_introspection_cExport-noconfig.cmake
[27.653s] -- Installing: /home/edu-bat/Documentos/GitHub/modulo-8/atividade_2_slam/meu_workspace/install/turtlesim/share/turtlesim/cmake/turtlesim__rosidl_typesupport_cExport.cmake
[27.654s] -- Installing: /home/edu-bat/Documentos/GitHub/modulo-8/atividade_2_slam/meu_workspace/install/turtlesim/share/turtlesim/cmake/turtlesim__rosidl_typesupport_cExport-noconfig.cmake
[27.654s] -- Installing: /home/edu-bat/Documentos/GitHub/modulo-8/atividade_2_slam/meu_workspace/install/turtlesim/share/turtlesim/cmake/turtlesim__rosidl_typesupport_introspection_cppExport.cmake
[27.654s] -- Installing: /home/edu-bat/Documentos/GitHub/modulo-8/atividade_2_slam/meu_workspace/install/turtlesim/share/turtlesim/cmake/turtlesim__rosidl_typesupport_introspection_cppExport-noconfig.cmake
[27.654s] -- Installing: /home/edu-bat/Documentos/GitHub/modulo-8/atividade_2_slam/meu_workspace/install/turtlesim/share/turtlesim/cmake/turtlesim__rosidl_typesupport_cppExport.cmake
[27.655s] -- Installing: /home/edu-bat/Documentos/GitHub/modulo-8/atividade_2_slam/meu_workspace/install/turtlesim/share/turtlesim/cmake/turtlesim__rosidl_typesupport_cppExport-noconfig.cmake
[27.655s] -- Installing: /home/edu-bat/Documentos/GitHub/modulo-8/atividade_2_slam/meu_workspace/install/turtlesim/share/turtlesim/cmake/export_turtlesim__rosidl_generator_pyExport.cmake
[27.655s] -- Installing: /home/edu-bat/Documentos/GitHub/modulo-8/atividade_2_slam/meu_workspace/install/turtlesim/share/turtlesim/cmake/export_turtlesim__rosidl_generator_pyExport-noconfig.cmake
[27.655s] -- Installing: /home/edu-bat/Documentos/GitHub/modulo-8/atividade_2_slam/meu_workspace/install/turtlesim/share/turtlesim/cmake/rosidl_cmake-extras.cmake
[27.656s] -- Installing: /home/edu-bat/Documentos/GitHub/modulo-8/atividade_2_slam/meu_workspace/install/turtlesim/share/turtlesim/cmake/ament_cmake_export_dependencies-extras.cmake
[27.656s] -- Installing: /home/edu-bat/Documentos/GitHub/modulo-8/atividade_2_slam/meu_workspace/install/turtlesim/share/turtlesim/cmake/ament_cmake_export_include_directories-extras.cmake
[27.657s] -- Installing: /home/edu-bat/Documentos/GitHub/modulo-8/atividade_2_slam/meu_workspace/install/turtlesim/share/turtlesim/cmake/ament_cmake_export_libraries-extras.cmake
[27.657s] -- Installing: /home/edu-bat/Documentos/GitHub/modulo-8/atividade_2_slam/meu_workspace/install/turtlesim/share/turtlesim/cmake/ament_cmake_export_targets-extras.cmake
[27.658s] -- Installing: /home/edu-bat/Documentos/GitHub/modulo-8/atividade_2_slam/meu_workspace/install/turtlesim/share/turtlesim/cmake/rosidl_cmake_export_typesupport_targets-extras.cmake
[27.658s] -- Installing: /home/edu-bat/Documentos/GitHub/modulo-8/atividade_2_slam/meu_workspace/install/turtlesim/share/turtlesim/cmake/rosidl_cmake_export_typesupport_libraries-extras.cmake
[27.658s] -- Installing: /home/edu-bat/Documentos/GitHub/modulo-8/atividade_2_slam/meu_workspace/install/turtlesim/share/turtlesim/cmake/turtlesimConfig.cmake
[27.658s] -- Installing: /home/edu-bat/Documentos/GitHub/modulo-8/atividade_2_slam/meu_workspace/install/turtlesim/share/turtlesim/cmake/turtlesimConfig-version.cmake
[27.659s] -- Installing: /home/edu-bat/Documentos/GitHub/modulo-8/atividade_2_slam/meu_workspace/install/turtlesim/share/turtlesim/package.xml
[27.663s] Invoked command in '/home/edu-bat/Documentos/GitHub/modulo-8/atividade_2_slam/meu_workspace/build/turtlesim' returned '0': CMAKE_PREFIX_PATH=/opt/ros/humble /usr/bin/cmake --install /home/edu-bat/Documentos/GitHub/modulo-8/atividade_2_slam/meu_workspace/build/turtlesim
