[0.524s] Invoking command in '/home/edu-bat/Documentos/GitHub/modulo-8/atividade_2_slam/meu_workspace/src/slam': PYTHONPATH=/home/edu-bat/Documentos/GitHub/modulo-8/atividade_2_slam/meu_workspace/build/slam/prefix_override:/usr/lib/python3/dist-packages/colcon_core/task/python/colcon_distutils_commands:/home/edu-bat/Documentos/GitHub/modulo-8/atividade_2_slam/meu_workspace/install/slam/lib/python3.10/site-packages:${PYTHONPATH} /usr/bin/python3 -W ignore:setup.py install is deprecated -W ignore:easy_install command is deprecated setup.py egg_info --egg-base ../../build/slam build --build-base /home/edu-bat/Documentos/GitHub/modulo-8/atividade_2_slam/meu_workspace/build/slam/build install --record /home/edu-bat/Documentos/GitHub/modulo-8/atividade_2_slam/meu_workspace/build/slam/install.log --single-version-externally-managed install_data
[0.712s] running egg_info
[0.712s] writing ../../build/slam/slam.egg-info/PKG-INFO
[0.713s] writing dependency_links to ../../build/slam/slam.egg-info/dependency_links.txt
[0.713s] writing entry points to ../../build/slam/slam.egg-info/entry_points.txt
[0.713s] writing requirements to ../../build/slam/slam.egg-info/requires.txt
[0.713s] writing top-level names to ../../build/slam/slam.egg-info/top_level.txt
[0.714s] reading manifest file '../../build/slam/slam.egg-info/SOURCES.txt'
[0.715s] writing manifest file '../../build/slam/slam.egg-info/SOURCES.txt'
[0.715s] running build
[0.715s] running build_py
[0.715s] running install
[0.715s] running install_lib
[0.717s] running install_data
[0.717s] running install_egg_info
[0.718s] removing '/home/edu-bat/Documentos/GitHub/modulo-8/atividade_2_slam/meu_workspace/install/slam/lib/python3.10/site-packages/slam-0.0.0-py3.10.egg-info' (and everything under it)
[0.718s] Copying ../../build/slam/slam.egg-info to /home/edu-bat/Documentos/GitHub/modulo-8/atividade_2_slam/meu_workspace/install/slam/lib/python3.10/site-packages/slam-0.0.0-py3.10.egg-info
[0.719s] running install_scripts
[0.735s] Installing slam script to /home/edu-bat/Documentos/GitHub/modulo-8/atividade_2_slam/meu_workspace/install/slam/lib/slam
[0.735s] writing list of installed files to '/home/edu-bat/Documentos/GitHub/modulo-8/atividade_2_slam/meu_workspace/build/slam/install.log'
[0.755s] Invoked command in '/home/edu-bat/Documentos/GitHub/modulo-8/atividade_2_slam/meu_workspace/src/slam' returned '0': PYTHONPATH=/home/edu-bat/Documentos/GitHub/modulo-8/atividade_2_slam/meu_workspace/build/slam/prefix_override:/usr/lib/python3/dist-packages/colcon_core/task/python/colcon_distutils_commands:/home/edu-bat/Documentos/GitHub/modulo-8/atividade_2_slam/meu_workspace/install/slam/lib/python3.10/site-packages:${PYTHONPATH} /usr/bin/python3 -W ignore:setup.py install is deprecated -W ignore:easy_install command is deprecated setup.py egg_info --egg-base ../../build/slam build --build-base /home/edu-bat/Documentos/GitHub/modulo-8/atividade_2_slam/meu_workspace/build/slam/build install --record /home/edu-bat/Documentos/GitHub/modulo-8/atividade_2_slam/meu_workspace/build/slam/install.log --single-version-externally-managed install_data
