[1.288s] Invoking command in '/home/edu-bat/Documentos/GitHub/modulo-8/atividade_2_slam/meu_workspace/src/slam': PYTHONPATH=/home/edu-bat/Documentos/GitHub/modulo-8/atividade_2_slam/meu_workspace/build/slam/prefix_override:/usr/lib/python3/dist-packages/colcon_core/task/python/colcon_distutils_commands:/home/edu-bat/Documentos/GitHub/modulo-8/atividade_2_slam/meu_workspace/install/slam/lib/python3.10/site-packages:${PYTHONPATH} /usr/bin/python3 -W ignore:setup.py install is deprecated -W ignore:easy_install command is deprecated setup.py egg_info --egg-base ../../build/slam build --build-base /home/edu-bat/Documentos/GitHub/modulo-8/atividade_2_slam/meu_workspace/build/slam/build install --record /home/edu-bat/Documentos/GitHub/modulo-8/atividade_2_slam/meu_workspace/build/slam/install.log --single-version-externally-managed install_data
[1.647s] running egg_info
[1.648s] writing ../../build/slam/slam.egg-info/PKG-INFO
[1.648s] writing dependency_links to ../../build/slam/slam.egg-info/dependency_links.txt
[1.648s] writing entry points to ../../build/slam/slam.egg-info/entry_points.txt
[1.649s] writing requirements to ../../build/slam/slam.egg-info/requires.txt
[1.649s] writing top-level names to ../../build/slam/slam.egg-info/top_level.txt
[1.651s] reading manifest file '../../build/slam/slam.egg-info/SOURCES.txt'
[1.653s] writing manifest file '../../build/slam/slam.egg-info/SOURCES.txt'
[1.654s] running build
[1.654s] running build_py
[1.655s] running install
[1.655s] running install_lib
[1.658s] running install_data
[1.658s] copying package.xml -> /home/edu-bat/Documentos/GitHub/modulo-8/atividade_2_slam/meu_workspace/install/slam/share/slam
[1.658s] running install_egg_info
[1.662s] removing '/home/edu-bat/Documentos/GitHub/modulo-8/atividade_2_slam/meu_workspace/install/slam/lib/python3.10/site-packages/slam-0.0.0-py3.10.egg-info' (and everything under it)
[1.662s] Copying ../../build/slam/slam.egg-info to /home/edu-bat/Documentos/GitHub/modulo-8/atividade_2_slam/meu_workspace/install/slam/lib/python3.10/site-packages/slam-0.0.0-py3.10.egg-info
[1.663s] running install_scripts
[1.692s] Installing slam script to /home/edu-bat/Documentos/GitHub/modulo-8/atividade_2_slam/meu_workspace/install/slam/lib/slam
[1.692s] writing list of installed files to '/home/edu-bat/Documentos/GitHub/modulo-8/atividade_2_slam/meu_workspace/build/slam/install.log'
[1.727s] Invoked command in '/home/edu-bat/Documentos/GitHub/modulo-8/atividade_2_slam/meu_workspace/src/slam' returned '0': PYTHONPATH=/home/edu-bat/Documentos/GitHub/modulo-8/atividade_2_slam/meu_workspace/build/slam/prefix_override:/usr/lib/python3/dist-packages/colcon_core/task/python/colcon_distutils_commands:/home/edu-bat/Documentos/GitHub/modulo-8/atividade_2_slam/meu_workspace/install/slam/lib/python3.10/site-packages:${PYTHONPATH} /usr/bin/python3 -W ignore:setup.py install is deprecated -W ignore:easy_install command is deprecated setup.py egg_info --egg-base ../../build/slam build --build-base /home/edu-bat/Documentos/GitHub/modulo-8/atividade_2_slam/meu_workspace/build/slam/build install --record /home/edu-bat/Documentos/GitHub/modulo-8/atividade_2_slam/meu_workspace/build/slam/install.log --single-version-externally-managed install_data
