[0.825s] Invoking command in '/home/edu-bat/Documentos/GitHub/modulo-8/atividade_2_slam/meu_workspace/src/slam': PYTHONPATH=/home/edu-bat/Documentos/GitHub/modulo-8/atividade_2_slam/meu_workspace/build/slam/prefix_override:/usr/lib/python3/dist-packages/colcon_core/task/python/colcon_distutils_commands:/home/edu-bat/Documentos/GitHub/modulo-8/atividade_2_slam/meu_workspace/install/slam/lib/python3.10/site-packages:${PYTHONPATH} /usr/bin/python3 -W ignore:setup.py install is deprecated -W ignore:easy_install command is deprecated setup.py egg_info --egg-base ../../build/slam build --build-base /home/edu-bat/Documentos/GitHub/modulo-8/atividade_2_slam/meu_workspace/build/slam/build install --record /home/edu-bat/Documentos/GitHub/modulo-8/atividade_2_slam/meu_workspace/build/slam/install.log --single-version-externally-managed install_data
[1.048s] running egg_info
[1.048s] writing ../../build/slam/slam.egg-info/PKG-INFO
[1.049s] writing dependency_links to ../../build/slam/slam.egg-info/dependency_links.txt
[1.049s] writing entry points to ../../build/slam/slam.egg-info/entry_points.txt
[1.049s] writing requirements to ../../build/slam/slam.egg-info/requires.txt
[1.049s] writing top-level names to ../../build/slam/slam.egg-info/top_level.txt
[1.050s] reading manifest file '../../build/slam/slam.egg-info/SOURCES.txt'
[1.051s] writing manifest file '../../build/slam/slam.egg-info/SOURCES.txt'
[1.051s] running build
[1.051s] running build_py
[1.051s] running install
[1.052s] running install_lib
[1.053s] running install_data
[1.054s] running install_egg_info
[1.055s] removing '/home/edu-bat/Documentos/GitHub/modulo-8/atividade_2_slam/meu_workspace/install/slam/lib/python3.10/site-packages/slam-0.0.0-py3.10.egg-info' (and everything under it)
[1.056s] Copying ../../build/slam/slam.egg-info to /home/edu-bat/Documentos/GitHub/modulo-8/atividade_2_slam/meu_workspace/install/slam/lib/python3.10/site-packages/slam-0.0.0-py3.10.egg-info
[1.056s] running install_scripts
[1.074s] Installing slam script to /home/edu-bat/Documentos/GitHub/modulo-8/atividade_2_slam/meu_workspace/install/slam/lib/slam
[1.074s] writing list of installed files to '/home/edu-bat/Documentos/GitHub/modulo-8/atividade_2_slam/meu_workspace/build/slam/install.log'
[1.099s] Invoked command in '/home/edu-bat/Documentos/GitHub/modulo-8/atividade_2_slam/meu_workspace/src/slam' returned '0': PYTHONPATH=/home/edu-bat/Documentos/GitHub/modulo-8/atividade_2_slam/meu_workspace/build/slam/prefix_override:/usr/lib/python3/dist-packages/colcon_core/task/python/colcon_distutils_commands:/home/edu-bat/Documentos/GitHub/modulo-8/atividade_2_slam/meu_workspace/install/slam/lib/python3.10/site-packages:${PYTHONPATH} /usr/bin/python3 -W ignore:setup.py install is deprecated -W ignore:easy_install command is deprecated setup.py egg_info --egg-base ../../build/slam build --build-base /home/edu-bat/Documentos/GitHub/modulo-8/atividade_2_slam/meu_workspace/build/slam/build install --record /home/edu-bat/Documentos/GitHub/modulo-8/atividade_2_slam/meu_workspace/build/slam/install.log --single-version-externally-managed install_data
