[0.545s] Invoking command in '/home/edu-bat/Documentos/GitHub/modulo-8/atividade_2_slam/meu_workspace/src/slam': PYTHONPATH=/home/edu-bat/Documentos/GitHub/modulo-8/atividade_2_slam/meu_workspace/build/slam/prefix_override:/usr/lib/python3/dist-packages/colcon_core/task/python/colcon_distutils_commands:/home/edu-bat/Documentos/GitHub/modulo-8/atividade_2_slam/meu_workspace/install/slam/lib/python3.10/site-packages:${PYTHONPATH} /usr/bin/python3 -W ignore:setup.py install is deprecated -W ignore:easy_install command is deprecated setup.py egg_info --egg-base ../../build/slam build --build-base /home/edu-bat/Documentos/GitHub/modulo-8/atividade_2_slam/meu_workspace/build/slam/build install --record /home/edu-bat/Documentos/GitHub/modulo-8/atividade_2_slam/meu_workspace/build/slam/install.log --single-version-externally-managed install_data
[0.743s] running egg_info
[0.744s] writing ../../build/slam/slam.egg-info/PKG-INFO
[0.744s] writing dependency_links to ../../build/slam/slam.egg-info/dependency_links.txt
[0.744s] writing entry points to ../../build/slam/slam.egg-info/entry_points.txt
[0.744s] writing requirements to ../../build/slam/slam.egg-info/requires.txt
[0.744s] writing top-level names to ../../build/slam/slam.egg-info/top_level.txt
[0.745s] reading manifest file '../../build/slam/slam.egg-info/SOURCES.txt'
[0.746s] writing manifest file '../../build/slam/slam.egg-info/SOURCES.txt'
[0.746s] running build
[0.746s] running build_py
[0.746s] running install
[0.747s] running install_lib
[0.748s] running install_data
[0.749s] running install_egg_info
[0.750s] removing '/home/edu-bat/Documentos/GitHub/modulo-8/atividade_2_slam/meu_workspace/install/slam/lib/python3.10/site-packages/slam-0.0.0-py3.10.egg-info' (and everything under it)
[0.750s] Copying ../../build/slam/slam.egg-info to /home/edu-bat/Documentos/GitHub/modulo-8/atividade_2_slam/meu_workspace/install/slam/lib/python3.10/site-packages/slam-0.0.0-py3.10.egg-info
[0.751s] running install_scripts
[0.766s] Installing slam script to /home/edu-bat/Documentos/GitHub/modulo-8/atividade_2_slam/meu_workspace/install/slam/lib/slam
[0.767s] writing list of installed files to '/home/edu-bat/Documentos/GitHub/modulo-8/atividade_2_slam/meu_workspace/build/slam/install.log'
[0.785s] Invoked command in '/home/edu-bat/Documentos/GitHub/modulo-8/atividade_2_slam/meu_workspace/src/slam' returned '0': PYTHONPATH=/home/edu-bat/Documentos/GitHub/modulo-8/atividade_2_slam/meu_workspace/build/slam/prefix_override:/usr/lib/python3/dist-packages/colcon_core/task/python/colcon_distutils_commands:/home/edu-bat/Documentos/GitHub/modulo-8/atividade_2_slam/meu_workspace/install/slam/lib/python3.10/site-packages:${PYTHONPATH} /usr/bin/python3 -W ignore:setup.py install is deprecated -W ignore:easy_install command is deprecated setup.py egg_info --egg-base ../../build/slam build --build-base /home/edu-bat/Documentos/GitHub/modulo-8/atividade_2_slam/meu_workspace/build/slam/build install --record /home/edu-bat/Documentos/GitHub/modulo-8/atividade_2_slam/meu_workspace/build/slam/install.log --single-version-externally-managed install_data
